<?xml version="1.0" encoding="UTF-8" ?>
<testsuite errors="39" failures="9" hostname="EpperMarshall" name="client.junit.AllTests" tests="74" time="23.595" timestamp="2014-11-25T01:54:36">
  <properties>
[...]
</properties>
  <testcase classname="client.junit.ClientCommunicatorTest" name="testUtilChangeLogLevel" time="1.277">
    <error type="java.lang.NullPointerException">java.lang.NullPointerException
	at client.junit.ClientCommunicatorTest.testUtilChangeLogLevel(ClientCommunicatorTest.java:188)
</error>
  </testcase>
  <testcase classname="client.junit.ClientCommunicatorTest" name="testRollNumber" time="1.14">
    <error type="java.lang.NullPointerException">java.lang.NullPointerException
	at client.junit.ClientCommunicatorTest.testRollNumber(ClientCommunicatorTest.java:212)
</error>
  </testcase>
  <testcase classname="client.junit.ClientCommunicatorTest" name="testAddAI" time="1.133">
    <error type="java.lang.NullPointerException">java.lang.NullPointerException
	at client.junit.ClientCommunicatorTest.testAddAI(ClientCommunicatorTest.java:179)
</error>
  </testcase>
  <testcase classname="client.junit.ClientCommunicatorTest" name="testBuildRoad" time="1.143">
    <error type="java.lang.NullPointerException">java.lang.NullPointerException
	at client.junit.ClientCommunicatorTest.testBuildRoad(ClientCommunicatorTest.java:311)
</error>
  </testcase>
  <testcase classname="client.junit.ClientCommunicatorTest" name="testRegisterUser" time="1.815">
    <error type="java.lang.NullPointerException">java.lang.NullPointerException
	at client.junit.ClientCommunicatorTest.testRegisterUser(ClientCommunicatorTest.java:98)
</error>
  </testcase>
  <testcase classname="client.junit.ClientCommunicatorTest" name="testOfferTrade" time="1.146">
    <error type="java.lang.NullPointerException">java.lang.NullPointerException
	at client.junit.ClientCommunicatorTest.testOfferTrade(ClientCommunicatorTest.java:347)
</error>
  </testcase>
  <testcase classname="client.junit.ClientCommunicatorTest" name="testPostGameCommands" time="0.0" />
  <testcase classname="client.junit.ClientCommunicatorTest" name="testYearOfPlenty" time="1.152">
    <error type="java.lang.NullPointerException">java.lang.NullPointerException
	at client.junit.ClientCommunicatorTest.testYearOfPlenty(ClientCommunicatorTest.java:256)
</error>
  </testcase>
  <testcase classname="client.junit.ClientCommunicatorTest" name="testDiscardCards" time="1.126">
    <error type="java.lang.NullPointerException">java.lang.NullPointerException
	at client.junit.ClientCommunicatorTest.testDiscardCards(ClientCommunicatorTest.java:380)
</error>
  </testcase>
  <testcase classname="client.junit.ClientCommunicatorTest" name="testMonopoly" time="1.14">
    <error type="java.lang.NullPointerException">java.lang.NullPointerException
	at client.junit.ClientCommunicatorTest.testMonopoly(ClientCommunicatorTest.java:289)
</error>
  </testcase>
  <testcase classname="client.junit.ClientCommunicatorTest" name="testMonument" time="1.149">
    <error type="java.lang.NullPointerException">java.lang.NullPointerException
	at client.junit.ClientCommunicatorTest.testMonument(ClientCommunicatorTest.java:300)
</error>
  </testcase>
  <testcase classname="client.junit.ClientCommunicatorTest" name="testFinishTurn" time="1.128">
    <error type="java.lang.NullPointerException">java.lang.NullPointerException
	at client.junit.ClientCommunicatorTest.testFinishTurn(ClientCommunicatorTest.java:234)
</error>
  </testcase>
  <testcase classname="client.junit.ClientCommunicatorTest" name="testCreateGame" time="1.124">
    <error type="java.lang.NullPointerException">java.lang.NullPointerException
	at client.junit.ClientCommunicatorTest.testCreateGame(ClientCommunicatorTest.java:116)
</error>
  </testcase>
  <testcase classname="client.junit.ClientCommunicatorTest" name="connectUserLoginTest" time="1.128">
    <error type="java.lang.NullPointerException">java.lang.NullPointerException
	at client.junit.ClientCommunicatorTest.connectUserLoginTest(ClientCommunicatorTest.java:89)
</error>
  </testcase>
  <testcase classname="client.junit.ClientCommunicatorTest" name="testGetGameCommands" time="1.778">
    <error type="java.lang.NullPointerException">java.lang.NullPointerException
	at client.junit.ClientCommunicatorTest.testGetGameCommands(ClientCommunicatorTest.java:156)
</error>
  </testcase>
  <testcase classname="client.junit.ClientCommunicatorTest" name="testGameReset" time="1.263">
    <error type="java.lang.NullPointerException">java.lang.NullPointerException
	at client.junit.ClientCommunicatorTest.testGameReset(ClientCommunicatorTest.java:145)
</error>
  </testcase>
  <testcase classname="client.junit.ClientCommunicatorTest" name="testMaritimeTrade" time="1.14">
    <error type="java.lang.NullPointerException">java.lang.NullPointerException
	at client.junit.ClientCommunicatorTest.testMaritimeTrade(ClientCommunicatorTest.java:369)
</error>
  </testcase>
  <testcase classname="client.junit.ClientCommunicatorTest" name="testSendChat" time="1.146">
    <error type="java.lang.NullPointerException">java.lang.NullPointerException
	at client.junit.ClientCommunicatorTest.testSendChat(ClientCommunicatorTest.java:201)
</error>
  </testcase>
  <testcase classname="client.junit.ClientCommunicatorTest" name="testGetGameListAI" time="1.129">
    <error type="java.lang.NullPointerException">java.lang.NullPointerException
	at client.junit.ClientCommunicatorTest.testGetGameListAI(ClientCommunicatorTest.java:170)
</error>
  </testcase>
  <testcase classname="client.junit.ClientCommunicatorTest" name="testGetGamesList" time="1.131">
    <error type="java.lang.NullPointerException">java.lang.NullPointerException
	at client.junit.ClientCommunicatorTest.testGetGamesList(ClientCommunicatorTest.java:107)
</error>
  </testcase>
  <testcase classname="client.junit.ClientModelUnitTest" name="testCanPlaySoldier" time="0.065">
    <error type="java.lang.NullPointerException">java.lang.NullPointerException
	at shared.model.ClientModel.getPlayerColorMap(ClientModel.java:880)
	at shared.model.ClientModel.&lt;init&gt;(ClientModel.java:47)
	at client.junit.ClientModelUnitTest.setUp(ClientModelUnitTest.java:21)
</error>
  </testcase>
  <testcase classname="client.junit.ClientModelUnitTest" name="testCanDiscardCards" time="0.015">
    <error type="java.lang.NullPointerException">java.lang.NullPointerException
	at shared.model.ClientModel.getPlayerColorMap(ClientModel.java:880)
	at shared.model.ClientModel.&lt;init&gt;(ClientModel.java:47)
	at client.junit.ClientModelUnitTest.setUp(ClientModelUnitTest.java:21)
</error>
  </testcase>
  <testcase classname="client.junit.ClientModelUnitTest" name="testCanPlayMonopoly" time="0.008">
    <error type="java.lang.NullPointerException">java.lang.NullPointerException
	at shared.model.ClientModel.getPlayerColorMap(ClientModel.java:880)
	at shared.model.ClientModel.&lt;init&gt;(ClientModel.java:47)
	at client.junit.ClientModelUnitTest.setUp(ClientModelUnitTest.java:21)
</error>
  </testcase>
  <testcase classname="client.junit.ClientModelUnitTest" name="testCanPlayMonument" time="0.009">
    <error type="java.lang.NullPointerException">java.lang.NullPointerException
	at shared.model.ClientModel.getPlayerColorMap(ClientModel.java:880)
	at shared.model.ClientModel.&lt;init&gt;(ClientModel.java:47)
	at client.junit.ClientModelUnitTest.setUp(ClientModelUnitTest.java:21)
</error>
  </testcase>
  <testcase classname="client.junit.ClientModelUnitTest" name="testCanPlayYearOfPlenty" time="0.004">
    <error type="java.lang.NullPointerException">java.lang.NullPointerException
	at shared.model.ClientModel.getPlayerColorMap(ClientModel.java:880)
	at shared.model.ClientModel.&lt;init&gt;(ClientModel.java:47)
	at client.junit.ClientModelUnitTest.setUp(ClientModelUnitTest.java:21)
</error>
  </testcase>
  <testcase classname="client.junit.ClientModelUnitTest" name="testCanBuildCity" time="0.004">
    <error type="java.lang.NullPointerException">java.lang.NullPointerException
	at shared.model.ClientModel.getPlayerColorMap(ClientModel.java:880)
	at shared.model.ClientModel.&lt;init&gt;(ClientModel.java:47)
	at client.junit.ClientModelUnitTest.setUp(ClientModelUnitTest.java:21)
</error>
  </testcase>
  <testcase classname="client.junit.ClientModelUnitTest" name="testCanBuildRoad" time="0.004">
    <error type="java.lang.NullPointerException">java.lang.NullPointerException
	at shared.model.ClientModel.getPlayerColorMap(ClientModel.java:880)
	at shared.model.ClientModel.&lt;init&gt;(ClientModel.java:47)
	at client.junit.ClientModelUnitTest.setUp(ClientModelUnitTest.java:21)
</error>
  </testcase>
  <testcase classname="client.junit.ClientModelUnitTest" name="testUpdateServerModel" time="0.003">
    <error type="java.lang.NullPointerException">java.lang.NullPointerException
	at shared.model.ClientModel.getPlayerColorMap(ClientModel.java:880)
	at shared.model.ClientModel.&lt;init&gt;(ClientModel.java:47)
	at client.junit.ClientModelUnitTest.setUp(ClientModelUnitTest.java:21)
</error>
  </testcase>
  <testcase classname="client.junit.ClientModelUnitTest" name="testCanOfferTrade" time="0.003">
    <error type="java.lang.NullPointerException">java.lang.NullPointerException
	at shared.model.ClientModel.getPlayerColorMap(ClientModel.java:880)
	at shared.model.ClientModel.&lt;init&gt;(ClientModel.java:47)
	at client.junit.ClientModelUnitTest.setUp(ClientModelUnitTest.java:21)
</error>
  </testcase>
  <testcase classname="client.junit.ClientModelUnitTest" name="testFinishTurn" time="0.003">
    <error type="java.lang.NullPointerException">java.lang.NullPointerException
	at shared.model.ClientModel.getPlayerColorMap(ClientModel.java:880)
	at shared.model.ClientModel.&lt;init&gt;(ClientModel.java:47)
	at client.junit.ClientModelUnitTest.setUp(ClientModelUnitTest.java:21)
</error>
  </testcase>
  <testcase classname="client.junit.ClientModelUnitTest" name="testCanBuyDevCard" time="0.003">
    <error type="java.lang.NullPointerException">java.lang.NullPointerException
	at shared.model.ClientModel.getPlayerColorMap(ClientModel.java:880)
	at shared.model.ClientModel.&lt;init&gt;(ClientModel.java:47)
	at client.junit.ClientModelUnitTest.setUp(ClientModelUnitTest.java:21)
</error>
  </testcase>
  <testcase classname="client.junit.ClientModelUnitTest" name="testCanPlayRoadBuilding" time="0.003">
    <error type="java.lang.NullPointerException">java.lang.NullPointerException
	at shared.model.ClientModel.getPlayerColorMap(ClientModel.java:880)
	at shared.model.ClientModel.&lt;init&gt;(ClientModel.java:47)
	at client.junit.ClientModelUnitTest.setUp(ClientModelUnitTest.java:21)
</error>
  </testcase>
  <testcase classname="client.junit.ClientModelUnitTest" name="testCanBuildSettlement" time="0.003">
    <error type="java.lang.NullPointerException">java.lang.NullPointerException
	at shared.model.ClientModel.getPlayerColorMap(ClientModel.java:880)
	at shared.model.ClientModel.&lt;init&gt;(ClientModel.java:47)
	at client.junit.ClientModelUnitTest.setUp(ClientModelUnitTest.java:21)
</error>
  </testcase>
  <testcase classname="client.junit.ClientModelUnitTest" name="testCanMaritimeTrade" time="0.003">
    <error type="java.lang.NullPointerException">java.lang.NullPointerException
	at shared.model.ClientModel.getPlayerColorMap(ClientModel.java:880)
	at shared.model.ClientModel.&lt;init&gt;(ClientModel.java:47)
	at client.junit.ClientModelUnitTest.setUp(ClientModelUnitTest.java:21)
</error>
  </testcase>
  <testcase classname="client.junit.ClientModelUnitTest" name="testCanAcceptTrade" time="0.003">
    <error type="java.lang.NullPointerException">java.lang.NullPointerException
	at shared.model.ClientModel.getPlayerColorMap(ClientModel.java:880)
	at shared.model.ClientModel.&lt;init&gt;(ClientModel.java:47)
	at client.junit.ClientModelUnitTest.setUp(ClientModelUnitTest.java:21)
</error>
  </testcase>
  <testcase classname="client.junit.PlayerTest" name="testGetColor" time="0.0" />
  <testcase classname="client.junit.PlayerTest" name="testGetPlayerIndex" time="0.0" />
  <testcase classname="client.junit.PlayerTest" name="testGetResources" time="0.0" />
  <testcase classname="client.junit.PlayerTest" name="testBuilding" time="0.0" />
  <testcase classname="client.junit.PlayerTest" name="testGetName" time="0.001" />
  <testcase classname="client.junit.PlayerTest" name="testGetVictoryPoints" time="0.0" />
  <testcase classname="client.junit.ServerProxyTest" name="testRollNumber" time="0.032" />
  <testcase classname="client.junit.ServerProxyTest" name="testResetGame" time="0.005" />
  <testcase classname="client.junit.ServerProxyTest" name="testAddAI" time="0.001">
    <error message="shared.ServerMethodRequests.AddAIRequest cannot be cast to java.lang.String" type="java.lang.ClassCastException">java.lang.ClassCastException: shared.ServerMethodRequests.AddAIRequest cannot be cast to java.lang.String
	at proxy.MockCommunicator.doPost(MockCommunicator.java:175)
	at proxy.MockCommunicator.executeCommand(MockCommunicator.java:60)
	at proxy.ProxyServer.addAI(ProxyServer.java:278)
	at client.junit.ServerProxyTest.testAddAI(ServerProxyTest.java:214)
</error>
  </testcase>
  <testcase classname="client.junit.ServerProxyTest" name="testLoginUser" time="0.002" />
  <testcase classname="client.junit.ServerProxyTest" name="testBuildCity" time="0.003">
    <failure message="Response code for successful build city attempt expected:&lt;true&gt; but was:&lt;false&gt;" type="junit.framework.AssertionFailedError">junit.framework.AssertionFailedError: Response code for successful build city attempt expected:&lt;true&gt; but was:&lt;false&gt;
	at client.junit.ServerProxyTest.testBuildCity(ServerProxyTest.java:333)
</failure>
  </testcase>
  <testcase classname="client.junit.ServerProxyTest" name="testBuildRoad" time="0.0">
    <failure message="Response code for successful build road attempt expected:&lt;true&gt; but was:&lt;false&gt;" type="junit.framework.AssertionFailedError">junit.framework.AssertionFailedError: Response code for successful build road attempt expected:&lt;true&gt; but was:&lt;false&gt;
	at client.junit.ServerProxyTest.testBuildRoad(ServerProxyTest.java:305)
</failure>
  </testcase>
  <testcase classname="client.junit.ServerProxyTest" name="testJoinGame" time="0.003">
    <error message="String index out of range: -1" type="java.lang.StringIndexOutOfBoundsException">java.lang.StringIndexOutOfBoundsException: String index out of range: -1
	at java.lang.String.substring(String.java:1954)
	at proxy.ProxyServer.joinGame(ProxyServer.java:190)
	at client.junit.ServerProxyTest.testJoinGame(ServerProxyTest.java:123)
</error>
  </testcase>
  <testcase classname="client.junit.ServerProxyTest" name="testRegisterUser" time="0.001" />
  <testcase classname="client.junit.ServerProxyTest" name="testPlayRoadBuilding" time="0.001">
    <failure message="Response code for successful dev road building attempt expected:&lt;true&gt; but was:&lt;false&gt;" type="junit.framework.AssertionFailedError">junit.framework.AssertionFailedError: Response code for successful dev road building attempt expected:&lt;true&gt; but was:&lt;false&gt;
	at client.junit.ServerProxyTest.testPlayRoadBuilding(ServerProxyTest.java:415)
</failure>
  </testcase>
  <testcase classname="client.junit.ServerProxyTest" name="testListGames" time="0.002" />
  <testcase classname="client.junit.ServerProxyTest" name="testOfferTrade" time="0.007" />
  <testcase classname="client.junit.ServerProxyTest" name="testPostGameCommands" time="0.01" />
  <testcase classname="client.junit.ServerProxyTest" name="testBuyDevCard" time="0.004" />
  <testcase classname="client.junit.ServerProxyTest" name="testDiscardCards" time="0.004" />
  <testcase classname="client.junit.ServerProxyTest" name="testAcceptTrade" time="0.004" />
  <testcase classname="client.junit.ServerProxyTest" name="testPlayMonopoly" time="0.001">
    <failure message="Response code for successful play monopoly attempt expected:&lt;true&gt; but was:&lt;false&gt;" type="junit.framework.AssertionFailedError">junit.framework.AssertionFailedError: Response code for successful play monopoly attempt expected:&lt;true&gt; but was:&lt;false&gt;
	at client.junit.ServerProxyTest.testPlayMonopoly(ServerProxyTest.java:428)
</failure>
  </testcase>
  <testcase classname="client.junit.ServerProxyTest" name="testPlayMonument" time="0.003" />
  <testcase classname="client.junit.ServerProxyTest" name="testOfferMaritimeTrade" time="0.001">
    <failure message="Response code for successful maritime trade attempt expected:&lt;true&gt; but was:&lt;false&gt;" type="junit.framework.AssertionFailedError">junit.framework.AssertionFailedError: Response code for successful maritime trade attempt expected:&lt;true&gt; but was:&lt;false&gt;
	at client.junit.ServerProxyTest.testOfferMaritimeTrade(ServerProxyTest.java:361)
</failure>
  </testcase>
  <testcase classname="client.junit.ServerProxyTest" name="testFinishTurn" time="0.004" />
  <testcase classname="client.junit.ServerProxyTest" name="testChangeLogLevel" time="0.001" />
  <testcase classname="client.junit.ServerProxyTest" name="testCreateGame" time="0.001" />
  <testcase classname="client.junit.ServerProxyTest" name="testGetGameCommands" time="0.002" />
  <testcase classname="client.junit.ServerProxyTest" name="testPlaySoldier" time="0.003" />
  <testcase classname="client.junit.ServerProxyTest" name="testBuildSettlement" time="0.001">
    <failure message="Response code for successful build settlement attempt expected:&lt;true&gt; but was:&lt;false&gt;" type="junit.framework.AssertionFailedError">junit.framework.AssertionFailedError: Response code for successful build settlement attempt expected:&lt;true&gt; but was:&lt;false&gt;
	at client.junit.ServerProxyTest.testBuildSettlement(ServerProxyTest.java:319)
</failure>
  </testcase>
  <testcase classname="client.junit.ServerProxyTest" name="testListAI" time="0.001" />
  <testcase classname="client.junit.ServerProxyTest" name="testPlayYearOfPlenty" time="0.001">
    <failure message="Response code for successful play year of plenty attempt expected:&lt;true&gt; but was:&lt;false&gt;" type="junit.framework.AssertionFailedError">junit.framework.AssertionFailedError: Response code for successful play year of plenty attempt expected:&lt;true&gt; but was:&lt;false&gt;
	at client.junit.ServerProxyTest.testPlayYearOfPlenty(ServerProxyTest.java:402)
</failure>
  </testcase>
  <testcase classname="client.junit.ServerProxyTest" name="testSendChat" time="0.0">
    <failure message="Response code for unsuccessful send chat attempt expected:&lt;true&gt; but was:&lt;false&gt;" type="junit.framework.AssertionFailedError">junit.framework.AssertionFailedError: Response code for unsuccessful send chat attempt expected:&lt;true&gt; but was:&lt;false&gt;
	at client.junit.ServerProxyTest.testSendChat(ServerProxyTest.java:249)
</failure>
  </testcase>
  <testcase classname="client.junit.ServerProxyTest" name="testGetGameModel" time="0.003">
    <error type="java.lang.NullPointerException">java.lang.NullPointerException
	at client.junit.ServerProxyTest.testGetGameModel(ServerProxyTest.java:143)
</error>
  </testcase>
  <testcase classname="client.junit.TranslatorTest" name="testTranslateToJSON" time="0.003">
    <failure message="JSON should match expected:&lt;{&quot;[deck&quot;:{&quot;monopoly&quot;:2,&quot;monument&quot;:5,&quot;roadBuilding&quot;:2,&quot;soldier&quot;:14,&quot;yearOfPlenty&quot;:2},&quot;map&quot;:{&quot;radius&quot;:3},&quot;players&quot;:[{&quot;resources&quot;:{&quot;brick&quot;:0,&quot;ore&quot;:0,&quot;sheep&quot;:0,&quot;wheat&quot;:0,&quot;wood&quot;:0},&quot;roads&quot;:15,&quot;cities&quot;:4,&quot;settlements&quot;:5,&quot;soldiers&quot;:0,&quot;victoryPoints&quot;:0,&quot;monuments&quot;:0,&quot;playedDevCard&quot;:false,&quot;discarded&quot;:false,&quot;playerID&quot;:0,&quot;playerIndex&quot;:0,&quot;name&quot;:&quot;Ender&quot;,&quot;color&quot;:&quot;Blue&quot;},{&quot;resources&quot;:{&quot;brick&quot;:0,&quot;ore&quot;:0,&quot;sheep&quot;:0,&quot;wheat&quot;:0,&quot;wood&quot;:0},&quot;roads&quot;:15,&quot;cities&quot;:4,&quot;settlements&quot;:5,&quot;soldiers&quot;:0,&quot;victoryPoints&quot;:0,&quot;monuments&quot;:0,&quot;playedDevCard&quot;:false,&quot;discarded&quot;:false,&quot;playerID&quot;:0,&quot;playerIndex&quot;:1,&quot;name&quot;:&quot;Ralph&quot;,&quot;color&quot;:&quot;Orange&quot;},{&quot;resources&quot;:{&quot;brick&quot;:0,&quot;ore&quot;:0,&quot;sheep&quot;:0,&quot;wheat&quot;:0,&quot;wood&quot;:0},&quot;roads&quot;:15,&quot;cities&quot;:4,&quot;settlements&quot;:5,&quot;soldiers&quot;:0,&quot;victoryPoints&quot;:0,&quot;monuments&quot;:0,&quot;playedDevCard&quot;:false,&quot;discarded&quot;:false,&quot;playerID&quot;:0,&quot;playerIndex&quot;:2,&quot;name&quot;:&quot;Santa&quot;,&quot;color&quot;:&quot;Red&quot;},{&quot;resources&quot;:{&quot;brick&quot;:0,&quot;ore&quot;:0,&quot;sheep&quot;:0,&quot;wheat&quot;:0,&quot;wood&quot;:0},&quot;roads&quot;:15,&quot;cities&quot;:4,&quot;settlements&quot;:5,&quot;soldiers&quot;:0,&quot;victoryPoints&quot;:0,&quot;monuments&quot;:0,&quot;playedDevCard&quot;:false,&quot;discarded&quot;:false,&quot;playerID&quot;:0,&quot;playerIndex&quot;:3,&quot;name&quot;:&quot;Frodo&quot;,&quot;color&quot;:&quot;Brown&quot;}],&quot;log&quot;:{&quot;lines&quot;:[]},&quot;chat&quot;:{&quot;lines&quot;:[]},&quot;bank&quot;:{&quot;brick&quot;:19,&quot;ore&quot;:19,&quot;sheep&quot;:19,&quot;wheat&quot;:19,&quot;wood&quot;:19},&quot;turnTracker&quot;:{&quot;currentTurn&quot;:0,&quot;status&quot;:&quot;Playing&quot;,&quot;longestRoad&quot;:-1,&quot;largestArmy&quot;:-1},&quot;winner&quot;:-1,&quot;version&quot;:0]}&gt; but was:&lt;{&quot;[chat&quot;:{&quot;lines&quot;:[]},&quot;bank&quot;:{&quot;brick&quot;:19,&quot;ore&quot;:19,&quot;sheep&quot;:19,&quot;wheat&quot;:19,&quot;wood&quot;:19},&quot;log&quot;:{&quot;lines&quot;:[]},&quot;map&quot;:{&quot;radius&quot;:3},&quot;players&quot;:[{&quot;cities&quot;:4,&quot;settlements&quot;:5,&quot;roads&quot;:15,&quot;color&quot;:&quot;Blue&quot;,&quot;discarded&quot;:false,&quot;monuments&quot;:0,&quot;name&quot;:&quot;Ender&quot;,&quot;playerIndex&quot;:0,&quot;playedDevCard&quot;:false,&quot;playerID&quot;:0,&quot;resources&quot;:{&quot;brick&quot;:0,&quot;ore&quot;:0,&quot;sheep&quot;:0,&quot;wheat&quot;:0,&quot;wood&quot;:0},&quot;soldiers&quot;:0,&quot;victoryPoints&quot;:0},{&quot;cities&quot;:4,&quot;settlements&quot;:5,&quot;roads&quot;:15,&quot;color&quot;:&quot;Orange&quot;,&quot;discarded&quot;:false,&quot;monuments&quot;:0,&quot;name&quot;:&quot;Ralph&quot;,&quot;playerIndex&quot;:1,&quot;playedDevCard&quot;:false,&quot;playerID&quot;:0,&quot;resources&quot;:{&quot;brick&quot;:0,&quot;ore&quot;:0,&quot;sheep&quot;:0,&quot;wheat&quot;:0,&quot;wood&quot;:0},&quot;soldiers&quot;:0,&quot;victoryPoints&quot;:0},{&quot;cities&quot;:4,&quot;settlements&quot;:5,&quot;roads&quot;:15,&quot;color&quot;:&quot;Red&quot;,&quot;discarded&quot;:false,&quot;monuments&quot;:0,&quot;name&quot;:&quot;Santa&quot;,&quot;playerIndex&quot;:2,&quot;playedDevCard&quot;:false,&quot;playerID&quot;:0,&quot;resources&quot;:{&quot;brick&quot;:0,&quot;ore&quot;:0,&quot;sheep&quot;:0,&quot;wheat&quot;:0,&quot;wood&quot;:0},&quot;soldiers&quot;:0,&quot;victoryPoints&quot;:0},{&quot;cities&quot;:4,&quot;settlements&quot;:5,&quot;roads&quot;:15,&quot;color&quot;:&quot;Brown&quot;,&quot;discarded&quot;:false,&quot;monuments&quot;:0,&quot;name&quot;:&quot;Frodo&quot;,&quot;playerIndex&quot;:3,&quot;playedDevCard&quot;:false,&quot;playerID&quot;:0,&quot;resources&quot;:{&quot;brick&quot;:0,&quot;ore&quot;:0,&quot;sheep&quot;:0,&quot;wheat&quot;:0,&quot;wood&quot;:0},&quot;soldiers&quot;:0,&quot;victoryPoints&quot;:0}],&quot;turnTracker&quot;:{&quot;currentTurn&quot;:0,&quot;status&quot;:&quot;Playing&quot;,&quot;longestRoad&quot;:-1,&quot;largestArmy&quot;:-1},&quot;winner&quot;:-1,&quot;deck&quot;:{&quot;monopoly&quot;:2,&quot;monument&quot;:5,&quot;roadBuilding&quot;:2,&quot;soldier&quot;:14,&quot;yearOfPlenty&quot;:2}]}&gt;" type="junit.framework.AssertionFailedError">junit.framework.AssertionFailedError: JSON should match expected:&lt;{&quot;[deck&quot;:{&quot;monopoly&quot;:2,&quot;monument&quot;:5,&quot;roadBuilding&quot;:2,&quot;soldier&quot;:14,&quot;yearOfPlenty&quot;:2},&quot;map&quot;:{&quot;radius&quot;:3},&quot;players&quot;:[{&quot;resources&quot;:{&quot;brick&quot;:0,&quot;ore&quot;:0,&quot;sheep&quot;:0,&quot;wheat&quot;:0,&quot;wood&quot;:0},&quot;roads&quot;:15,&quot;cities&quot;:4,&quot;settlements&quot;:5,&quot;soldiers&quot;:0,&quot;victoryPoints&quot;:0,&quot;monuments&quot;:0,&quot;playedDevCard&quot;:false,&quot;discarded&quot;:false,&quot;playerID&quot;:0,&quot;playerIndex&quot;:0,&quot;name&quot;:&quot;Ender&quot;,&quot;color&quot;:&quot;Blue&quot;},{&quot;resources&quot;:{&quot;brick&quot;:0,&quot;ore&quot;:0,&quot;sheep&quot;:0,&quot;wheat&quot;:0,&quot;wood&quot;:0},&quot;roads&quot;:15,&quot;cities&quot;:4,&quot;settlements&quot;:5,&quot;soldiers&quot;:0,&quot;victoryPoints&quot;:0,&quot;monuments&quot;:0,&quot;playedDevCard&quot;:false,&quot;discarded&quot;:false,&quot;playerID&quot;:0,&quot;playerIndex&quot;:1,&quot;name&quot;:&quot;Ralph&quot;,&quot;color&quot;:&quot;Orange&quot;},{&quot;resources&quot;:{&quot;brick&quot;:0,&quot;ore&quot;:0,&quot;sheep&quot;:0,&quot;wheat&quot;:0,&quot;wood&quot;:0},&quot;roads&quot;:15,&quot;cities&quot;:4,&quot;settlements&quot;:5,&quot;soldiers&quot;:0,&quot;victoryPoints&quot;:0,&quot;monuments&quot;:0,&quot;playedDevCard&quot;:false,&quot;discarded&quot;:false,&quot;playerID&quot;:0,&quot;playerIndex&quot;:2,&quot;name&quot;:&quot;Santa&quot;,&quot;color&quot;:&quot;Red&quot;},{&quot;resources&quot;:{&quot;brick&quot;:0,&quot;ore&quot;:0,&quot;sheep&quot;:0,&quot;wheat&quot;:0,&quot;wood&quot;:0},&quot;roads&quot;:15,&quot;cities&quot;:4,&quot;settlements&quot;:5,&quot;soldiers&quot;:0,&quot;victoryPoints&quot;:0,&quot;monuments&quot;:0,&quot;playedDevCard&quot;:false,&quot;discarded&quot;:false,&quot;playerID&quot;:0,&quot;playerIndex&quot;:3,&quot;name&quot;:&quot;Frodo&quot;,&quot;color&quot;:&quot;Brown&quot;}],&quot;log&quot;:{&quot;lines&quot;:[]},&quot;chat&quot;:{&quot;lines&quot;:[]},&quot;bank&quot;:{&quot;brick&quot;:19,&quot;ore&quot;:19,&quot;sheep&quot;:19,&quot;wheat&quot;:19,&quot;wood&quot;:19},&quot;turnTracker&quot;:{&quot;currentTurn&quot;:0,&quot;status&quot;:&quot;Playing&quot;,&quot;longestRoad&quot;:-1,&quot;largestArmy&quot;:-1},&quot;winner&quot;:-1,&quot;version&quot;:0]}&gt; but was:&lt;{&quot;[chat&quot;:{&quot;lines&quot;:[]},&quot;bank&quot;:{&quot;brick&quot;:19,&quot;ore&quot;:19,&quot;sheep&quot;:19,&quot;wheat&quot;:19,&quot;wood&quot;:19},&quot;log&quot;:{&quot;lines&quot;:[]},&quot;map&quot;:{&quot;radius&quot;:3},&quot;players&quot;:[{&quot;cities&quot;:4,&quot;settlements&quot;:5,&quot;roads&quot;:15,&quot;color&quot;:&quot;Blue&quot;,&quot;discarded&quot;:false,&quot;monuments&quot;:0,&quot;name&quot;:&quot;Ender&quot;,&quot;playerIndex&quot;:0,&quot;playedDevCard&quot;:false,&quot;playerID&quot;:0,&quot;resources&quot;:{&quot;brick&quot;:0,&quot;ore&quot;:0,&quot;sheep&quot;:0,&quot;wheat&quot;:0,&quot;wood&quot;:0},&quot;soldiers&quot;:0,&quot;victoryPoints&quot;:0},{&quot;cities&quot;:4,&quot;settlements&quot;:5,&quot;roads&quot;:15,&quot;color&quot;:&quot;Orange&quot;,&quot;discarded&quot;:false,&quot;monuments&quot;:0,&quot;name&quot;:&quot;Ralph&quot;,&quot;playerIndex&quot;:1,&quot;playedDevCard&quot;:false,&quot;playerID&quot;:0,&quot;resources&quot;:{&quot;brick&quot;:0,&quot;ore&quot;:0,&quot;sheep&quot;:0,&quot;wheat&quot;:0,&quot;wood&quot;:0},&quot;soldiers&quot;:0,&quot;victoryPoints&quot;:0},{&quot;cities&quot;:4,&quot;settlements&quot;:5,&quot;roads&quot;:15,&quot;color&quot;:&quot;Red&quot;,&quot;discarded&quot;:false,&quot;monuments&quot;:0,&quot;name&quot;:&quot;Santa&quot;,&quot;playerIndex&quot;:2,&quot;playedDevCard&quot;:false,&quot;playerID&quot;:0,&quot;resources&quot;:{&quot;brick&quot;:0,&quot;ore&quot;:0,&quot;sheep&quot;:0,&quot;wheat&quot;:0,&quot;wood&quot;:0},&quot;soldiers&quot;:0,&quot;victoryPoints&quot;:0},{&quot;cities&quot;:4,&quot;settlements&quot;:5,&quot;roads&quot;:15,&quot;color&quot;:&quot;Brown&quot;,&quot;discarded&quot;:false,&quot;monuments&quot;:0,&quot;name&quot;:&quot;Frodo&quot;,&quot;playerIndex&quot;:3,&quot;playedDevCard&quot;:false,&quot;playerID&quot;:0,&quot;resources&quot;:{&quot;brick&quot;:0,&quot;ore&quot;:0,&quot;sheep&quot;:0,&quot;wheat&quot;:0,&quot;wood&quot;:0},&quot;soldiers&quot;:0,&quot;victoryPoints&quot;:0}],&quot;turnTracker&quot;:{&quot;currentTurn&quot;:0,&quot;status&quot;:&quot;Playing&quot;,&quot;longestRoad&quot;:-1,&quot;largestArmy&quot;:-1},&quot;winner&quot;:-1,&quot;deck&quot;:{&quot;monopoly&quot;:2,&quot;monument&quot;:5,&quot;roadBuilding&quot;:2,&quot;soldier&quot;:14,&quot;yearOfPlenty&quot;:2}]}&gt;
	at client.junit.TranslatorTest.testTranslateToJSON(TranslatorTest.java:49)
</failure>
  </testcase>
  <testcase classname="client.junit.TranslatorTest" name="testTranslateFrom" time="0.002" />
  <testcase classname="client.junit.TranslatorTest" name="testTranslateFromArray" time="0.001" />
  <testcase classname="client.junit.PollerTest" name="testPollerUpdate" time="0.001">
    <error type="java.lang.NullPointerException">java.lang.NullPointerException
	at shared.model.ClientModel.getPlayerColorMap(ClientModel.java:880)
	at shared.model.ClientModel.&lt;init&gt;(ClientModel.java:47)
	at client.junit.PollerTest.testPollerUpdate(PollerTest.java:62)
</error>
  </testcase>
  <testcase classname="client.junit.PollerTest" name="testPresenterRun" time="0.002">
    <error type="java.lang.NullPointerException">java.lang.NullPointerException
	at shared.model.ClientModel.getPlayerColorMap(ClientModel.java:880)
	at shared.model.ClientModel.&lt;init&gt;(ClientModel.java:47)
	at client.junit.PollerTest.testPresenterRun(PollerTest.java:39)
</error>
  </testcase>
  <system-out><![CDATA[
util/changeLogLevel
Header: Cookie = catan.user=%7B%22name%22%3A%22Brooke%22%2C%22password%22%3A%22brooke%22%2C%22playerID%22%3A0%7D

moves/rollNumber
Header: Cookie = catan.user=%7B%22name%22%3A%22Brooke%22%2C%22password%22%3A%22brooke%22%2C%22playerID%22%3A0%7D
Header: Cookie = catan.game=2

game/addAI
Header: Cookie = catan.user=%7B%22name%22%3A%22Brooke%22%2C%22password%22%3A%22brooke%22%2C%22playerID%22%3A0%7D

moves/buildRoad
Header: Cookie = catan.user=%7B%22name%22%3A%22Brooke%22%2C%22password%22%3A%22brooke%22%2C%22playerID%22%3A0%7D
Header: Cookie = catan.game=2

user/register

moves/offerTrade
Header: Cookie = catan.user=%7B%22name%22%3A%22Brooke%22%2C%22password%22%3A%22brooke%22%2C%22playerID%22%3A0%7D
Header: Cookie = catan.game=2

moves/Year_of_Plenty
Header: Cookie = catan.user=%7B%22name%22%3A%22Brooke%22%2C%22password%22%3A%22brooke%22%2C%22playerID%22%3A0%7D
Header: Cookie = catan.game=2

moves/discardCards
Header: Cookie = catan.user=%7B%22name%22%3A%22Brooke%22%2C%22password%22%3A%22brooke%22%2C%22playerID%22%3A0%7D
Header: Cookie = catan.game=2

moves/Monopoly
Header: Cookie = catan.user=%7B%22name%22%3A%22Brooke%22%2C%22password%22%3A%22brooke%22%2C%22playerID%22%3A0%7D
Header: Cookie = catan.game=2

moves/Monument
Header: Cookie = catan.user=%7B%22name%22%3A%22Brooke%22%2C%22password%22%3A%22brooke%22%2C%22playerID%22%3A0%7D
Header: Cookie = catan.game=2

moves/finishTurn
Header: Cookie = catan.user=%7B%22name%22%3A%22Brooke%22%2C%22password%22%3A%22brooke%22%2C%22playerID%22%3A0%7D
Header: Cookie = catan.game=2

games/create
Header: Cookie = catan.user=%7B%22name%22%3A%22Brooke%22%2C%22password%22%3A%22brooke%22%2C%22playerID%22%3A0%7D

user/login

game/commands
Header: Cookie = catan.user=%7B%22name%22%3A%22Brooke%22%2C%22password%22%3A%22brooke%22%2C%22playerID%22%3A0%7D
Header: Cookie = catan.game=0

game/reset
Header: Cookie = catan.user=%7B%22name%22%3A%22Brooke%22%2C%22password%22%3A%22brooke%22%2C%22playerID%22%3A0%7D; catan.game=0

moves/maritimeTrade
Header: Cookie = catan.user=%7B%22name%22%3A%22Brooke%22%2C%22password%22%3A%22brooke%22%2C%22playerID%22%3A0%7D
Header: Cookie = catan.game=2

moves/sendChat
Header: Cookie = catan.user=%7B%22name%22%3A%22Brooke%22%2C%22password%22%3A%22brooke%22%2C%22playerID%22%3A0%7D
Header: Cookie = catan.game=2

game/listAI
Header: Cookie = catan.user=%7B%22name%22%3A%22Brooke%22%2C%22password%22%3A%22brooke%22%2C%22playerID%22%3A0%7D

games/list
Header: Cookie = catan.user=%7B%22name%22%3A%22Brooke%22%2C%22password%22%3A%22brooke%22%2C%22playerID%22%3A0%7D
3
]]></system-out>
  <system-err><![CDATA[Unable to doPost
java.net.ConnectException: Connection refused: connect
	at java.net.DualStackPlainSocketImpl.connect0(Native Method)
	at java.net.DualStackPlainSocketImpl.socketConnect(DualStackPlainSocketImpl.java:79)
	at java.net.AbstractPlainSocketImpl.doConnect(AbstractPlainSocketImpl.java:345)
	at java.net.AbstractPlainSocketImpl.connectToAddress(AbstractPlainSocketImpl.java:206)
	at java.net.AbstractPlainSocketImpl.connect(AbstractPlainSocketImpl.java:188)
	at java.net.PlainSocketImpl.connect(PlainSocketImpl.java:172)
	at java.net.SocksSocketImpl.connect(SocksSocketImpl.java:392)
	at java.net.Socket.connect(Socket.java:589)
	at java.net.Socket.connect(Socket.java:538)
	at sun.net.NetworkClient.doConnect(NetworkClient.java:180)
	at sun.net.www.http.HttpClient.openServer(HttpClient.java:432)
	at sun.net.www.http.HttpClient.openServer(HttpClient.java:527)
	at sun.net.www.http.HttpClient.<init>(HttpClient.java:211)
	at sun.net.www.http.HttpClient.New(HttpClient.java:308)
	at sun.net.www.http.HttpClient.New(HttpClient.java:326)
	at sun.net.www.protocol.http.HttpURLConnection.getNewHttpClient(HttpURLConnection.java:1167)
	at sun.net.www.protocol.http.HttpURLConnection.plainConnect0(HttpURLConnection.java:1103)
	at sun.net.www.protocol.http.HttpURLConnection.plainConnect(HttpURLConnection.java:997)
	at sun.net.www.protocol.http.HttpURLConnection.connect(HttpURLConnection.java:931)
	at proxy.ClientCommunicator.doPost(ClientCommunicator.java:196)
	at proxy.ClientCommunicator.executeCommand(ClientCommunicator.java:109)
	at client.junit.ClientCommunicatorTest.testUtilChangeLogLevel(ClientCommunicatorTest.java:187)
	at sun.reflect.NativeMethodAccessorImpl.invoke0(Native Method)
	at sun.reflect.NativeMethodAccessorImpl.invoke(NativeMethodAccessorImpl.java:62)
	at sun.reflect.DelegatingMethodAccessorImpl.invoke(DelegatingMethodAccessorImpl.java:43)
	at java.lang.reflect.Method.invoke(Method.java:483)
	at org.junit.runners.model.FrameworkMethod$1.runReflectiveCall(FrameworkMethod.java:47)
	at org.junit.internal.runners.model.ReflectiveCallable.run(ReflectiveCallable.java:12)
	at org.junit.runners.model.FrameworkMethod.invokeExplosively(FrameworkMethod.java:44)
	at org.junit.internal.runners.statements.InvokeMethod.evaluate(InvokeMethod.java:17)
	at org.junit.internal.runners.statements.RunBefores.evaluate(RunBefores.java:26)
	at org.junit.internal.runners.statements.RunAfters.evaluate(RunAfters.java:27)
	at org.junit.runners.ParentRunner.runLeaf(ParentRunner.java:271)
	at org.junit.runners.BlockJUnit4ClassRunner.runChild(BlockJUnit4ClassRunner.java:70)
	at org.junit.runners.BlockJUnit4ClassRunner.runChild(BlockJUnit4ClassRunner.java:50)
	at org.junit.runners.ParentRunner$3.run(ParentRunner.java:238)
	at org.junit.runners.ParentRunner$1.schedule(ParentRunner.java:63)
	at org.junit.runners.ParentRunner.runChildren(ParentRunner.java:236)
	at org.junit.runners.ParentRunner.access$000(ParentRunner.java:53)
	at org.junit.runners.ParentRunner$2.evaluate(ParentRunner.java:229)
	at org.junit.runners.ParentRunner.run(ParentRunner.java:309)
	at org.junit.runners.Suite.runChild(Suite.java:127)
	at org.junit.runners.Suite.runChild(Suite.java:26)
	at org.junit.runners.ParentRunner$3.run(ParentRunner.java:238)
	at org.junit.runners.ParentRunner$1.schedule(ParentRunner.java:63)
	at org.junit.runners.ParentRunner.runChildren(ParentRunner.java:236)
	at org.junit.runners.ParentRunner.access$000(ParentRunner.java:53)
	at org.junit.runners.ParentRunner$2.evaluate(ParentRunner.java:229)
	at org.junit.runners.ParentRunner.run(ParentRunner.java:309)
	at junit.framework.JUnit4TestAdapter.run(JUnit4TestAdapter.java:38)
	at org.apache.tools.ant.taskdefs.optional.junit.JUnitTestRunner.run(JUnitTestRunner.java:518)
	at org.apache.tools.ant.taskdefs.optional.junit.JUnitTestRunner.launch(JUnitTestRunner.java:1052)
	at org.apache.tools.ant.taskdefs.optional.junit.JUnitTestRunner.main(JUnitTestRunner.java:906)
Unable to doPost
java.net.ConnectException: Connection refused: connect
	at java.net.DualStackPlainSocketImpl.connect0(Native Method)
	at java.net.DualStackPlainSocketImpl.socketConnect(DualStackPlainSocketImpl.java:79)
	at java.net.AbstractPlainSocketImpl.doConnect(AbstractPlainSocketImpl.java:345)
	at java.net.AbstractPlainSocketImpl.connectToAddress(AbstractPlainSocketImpl.java:206)
	at java.net.AbstractPlainSocketImpl.connect(AbstractPlainSocketImpl.java:188)
	at java.net.PlainSocketImpl.connect(PlainSocketImpl.java:172)
	at java.net.SocksSocketImpl.connect(SocksSocketImpl.java:392)
	at java.net.Socket.connect(Socket.java:589)
	at java.net.Socket.connect(Socket.java:538)
	at sun.net.NetworkClient.doConnect(NetworkClient.java:180)
	at sun.net.www.http.HttpClient.openServer(HttpClient.java:432)
	at sun.net.www.http.HttpClient.openServer(HttpClient.java:527)
	at sun.net.www.http.HttpClient.<init>(HttpClient.java:211)
	at sun.net.www.http.HttpClient.New(HttpClient.java:308)
	at sun.net.www.http.HttpClient.New(HttpClient.java:326)
	at sun.net.www.protocol.http.HttpURLConnection.getNewHttpClient(HttpURLConnection.java:1167)
	at sun.net.www.protocol.http.HttpURLConnection.plainConnect0(HttpURLConnection.java:1103)
	at sun.net.www.protocol.http.HttpURLConnection.plainConnect(HttpURLConnection.java:997)
	at sun.net.www.protocol.http.HttpURLConnection.connect(HttpURLConnection.java:931)
	at proxy.ClientCommunicator.doPost(ClientCommunicator.java:196)
	at proxy.ClientCommunicator.executeCommand(ClientCommunicator.java:109)
	at client.junit.ClientCommunicatorTest.testRollNumber(ClientCommunicatorTest.java:211)
	at sun.reflect.NativeMethodAccessorImpl.invoke0(Native Method)
	at sun.reflect.NativeMethodAccessorImpl.invoke(NativeMethodAccessorImpl.java:62)
	at sun.reflect.DelegatingMethodAccessorImpl.invoke(DelegatingMethodAccessorImpl.java:43)
	at java.lang.reflect.Method.invoke(Method.java:483)
	at org.junit.runners.model.FrameworkMethod$1.runReflectiveCall(FrameworkMethod.java:47)
	at org.junit.internal.runners.model.ReflectiveCallable.run(ReflectiveCallable.java:12)
	at org.junit.runners.model.FrameworkMethod.invokeExplosively(FrameworkMethod.java:44)
	at org.junit.internal.runners.statements.InvokeMethod.evaluate(InvokeMethod.java:17)
	at org.junit.internal.runners.statements.RunBefores.evaluate(RunBefores.java:26)
	at org.junit.internal.runners.statements.RunAfters.evaluate(RunAfters.java:27)
	at org.junit.runners.ParentRunner.runLeaf(ParentRunner.java:271)
	at org.junit.runners.BlockJUnit4ClassRunner.runChild(BlockJUnit4ClassRunner.java:70)
	at org.junit.runners.BlockJUnit4ClassRunner.runChild(BlockJUnit4ClassRunner.java:50)
	at org.junit.runners.ParentRunner$3.run(ParentRunner.java:238)
	at org.junit.runners.ParentRunner$1.schedule(ParentRunner.java:63)
	at org.junit.runners.ParentRunner.runChildren(ParentRunner.java:236)
	at org.junit.runners.ParentRunner.access$000(ParentRunner.java:53)
	at org.junit.runners.ParentRunner$2.evaluate(ParentRunner.java:229)
	at org.junit.runners.ParentRunner.run(ParentRunner.java:309)
	at org.junit.runners.Suite.runChild(Suite.java:127)
	at org.junit.runners.Suite.runChild(Suite.java:26)
	at org.junit.runners.ParentRunner$3.run(ParentRunner.java:238)
	at org.junit.runners.ParentRunner$1.schedule(ParentRunner.java:63)
	at org.junit.runners.ParentRunner.runChildren(ParentRunner.java:236)
	at org.junit.runners.ParentRunner.access$000(ParentRunner.java:53)
	at org.junit.runners.ParentRunner$2.evaluate(ParentRunner.java:229)
	at org.junit.runners.ParentRunner.run(ParentRunner.java:309)
	at junit.framework.JUnit4TestAdapter.run(JUnit4TestAdapter.java:38)
	at org.apache.tools.ant.taskdefs.optional.junit.JUnitTestRunner.run(JUnitTestRunner.java:518)
	at org.apache.tools.ant.taskdefs.optional.junit.JUnitTestRunner.launch(JUnitTestRunner.java:1052)
	at org.apache.tools.ant.taskdefs.optional.junit.JUnitTestRunner.main(JUnitTestRunner.java:906)
Unable to doPost
java.net.ConnectException: Connection refused: connect
	at java.net.DualStackPlainSocketImpl.connect0(Native Method)
	at java.net.DualStackPlainSocketImpl.socketConnect(DualStackPlainSocketImpl.java:79)
	at java.net.AbstractPlainSocketImpl.doConnect(AbstractPlainSocketImpl.java:345)
	at java.net.AbstractPlainSocketImpl.connectToAddress(AbstractPlainSocketImpl.java:206)
	at java.net.AbstractPlainSocketImpl.connect(AbstractPlainSocketImpl.java:188)
	at java.net.PlainSocketImpl.connect(PlainSocketImpl.java:172)
	at java.net.SocksSocketImpl.connect(SocksSocketImpl.java:392)
	at java.net.Socket.connect(Socket.java:589)
	at java.net.Socket.connect(Socket.java:538)
	at sun.net.NetworkClient.doConnect(NetworkClient.java:180)
	at sun.net.www.http.HttpClient.openServer(HttpClient.java:432)
	at sun.net.www.http.HttpClient.openServer(HttpClient.java:527)
	at sun.net.www.http.HttpClient.<init>(HttpClient.java:211)
	at sun.net.www.http.HttpClient.New(HttpClient.java:308)
	at sun.net.www.http.HttpClient.New(HttpClient.java:326)
	at sun.net.www.protocol.http.HttpURLConnection.getNewHttpClient(HttpURLConnection.java:1167)
	at sun.net.www.protocol.http.HttpURLConnection.plainConnect0(HttpURLConnection.java:1103)
	at sun.net.www.protocol.http.HttpURLConnection.plainConnect(HttpURLConnection.java:997)
	at sun.net.www.protocol.http.HttpURLConnection.connect(HttpURLConnection.java:931)
	at proxy.ClientCommunicator.doPost(ClientCommunicator.java:196)
	at proxy.ClientCommunicator.executeCommand(ClientCommunicator.java:109)
	at client.junit.ClientCommunicatorTest.testAddAI(ClientCommunicatorTest.java:178)
	at sun.reflect.NativeMethodAccessorImpl.invoke0(Native Method)
	at sun.reflect.NativeMethodAccessorImpl.invoke(NativeMethodAccessorImpl.java:62)
	at sun.reflect.DelegatingMethodAccessorImpl.invoke(DelegatingMethodAccessorImpl.java:43)
	at java.lang.reflect.Method.invoke(Method.java:483)
	at org.junit.runners.model.FrameworkMethod$1.runReflectiveCall(FrameworkMethod.java:47)
	at org.junit.internal.runners.model.ReflectiveCallable.run(ReflectiveCallable.java:12)
	at org.junit.runners.model.FrameworkMethod.invokeExplosively(FrameworkMethod.java:44)
	at org.junit.internal.runners.statements.InvokeMethod.evaluate(InvokeMethod.java:17)
	at org.junit.internal.runners.statements.RunBefores.evaluate(RunBefores.java:26)
	at org.junit.internal.runners.statements.RunAfters.evaluate(RunAfters.java:27)
	at org.junit.runners.ParentRunner.runLeaf(ParentRunner.java:271)
	at org.junit.runners.BlockJUnit4ClassRunner.runChild(BlockJUnit4ClassRunner.java:70)
	at org.junit.runners.BlockJUnit4ClassRunner.runChild(BlockJUnit4ClassRunner.java:50)
	at org.junit.runners.ParentRunner$3.run(ParentRunner.java:238)
	at org.junit.runners.ParentRunner$1.schedule(ParentRunner.java:63)
	at org.junit.runners.ParentRunner.runChildren(ParentRunner.java:236)
	at org.junit.runners.ParentRunner.access$000(ParentRunner.java:53)
	at org.junit.runners.ParentRunner$2.evaluate(ParentRunner.java:229)
	at org.junit.runners.ParentRunner.run(ParentRunner.java:309)
	at org.junit.runners.Suite.runChild(Suite.java:127)
	at org.junit.runners.Suite.runChild(Suite.java:26)
	at org.junit.runners.ParentRunner$3.run(ParentRunner.java:238)
	at org.junit.runners.ParentRunner$1.schedule(ParentRunner.java:63)
	at org.junit.runners.ParentRunner.runChildren(ParentRunner.java:236)
	at org.junit.runners.ParentRunner.access$000(ParentRunner.java:53)
	at org.junit.runners.ParentRunner$2.evaluate(ParentRunner.java:229)
	at org.junit.runners.ParentRunner.run(ParentRunner.java:309)
	at junit.framework.JUnit4TestAdapter.run(JUnit4TestAdapter.java:38)
	at org.apache.tools.ant.taskdefs.optional.junit.JUnitTestRunner.run(JUnitTestRunner.java:518)
	at org.apache.tools.ant.taskdefs.optional.junit.JUnitTestRunner.launch(JUnitTestRunner.java:1052)
	at org.apache.tools.ant.taskdefs.optional.junit.JUnitTestRunner.main(JUnitTestRunner.java:906)
Unable to doPost
java.net.ConnectException: Connection refused: connect
	at java.net.DualStackPlainSocketImpl.connect0(Native Method)
	at java.net.DualStackPlainSocketImpl.socketConnect(DualStackPlainSocketImpl.java:79)
	at java.net.AbstractPlainSocketImpl.doConnect(AbstractPlainSocketImpl.java:345)
	at java.net.AbstractPlainSocketImpl.connectToAddress(AbstractPlainSocketImpl.java:206)
	at java.net.AbstractPlainSocketImpl.connect(AbstractPlainSocketImpl.java:188)
	at java.net.PlainSocketImpl.connect(PlainSocketImpl.java:172)
	at java.net.SocksSocketImpl.connect(SocksSocketImpl.java:392)
	at java.net.Socket.connect(Socket.java:589)
	at java.net.Socket.connect(Socket.java:538)
	at sun.net.NetworkClient.doConnect(NetworkClient.java:180)
	at sun.net.www.http.HttpClient.openServer(HttpClient.java:432)
	at sun.net.www.http.HttpClient.openServer(HttpClient.java:527)
	at sun.net.www.http.HttpClient.<init>(HttpClient.java:211)
	at sun.net.www.http.HttpClient.New(HttpClient.java:308)
	at sun.net.www.http.HttpClient.New(HttpClient.java:326)
	at sun.net.www.protocol.http.HttpURLConnection.getNewHttpClient(HttpURLConnection.java:1167)
	at sun.net.www.protocol.http.HttpURLConnection.plainConnect0(HttpURLConnection.java:1103)
	at sun.net.www.protocol.http.HttpURLConnection.plainConnect(HttpURLConnection.java:997)
	at sun.net.www.protocol.http.HttpURLConnection.connect(HttpURLConnection.java:931)
	at proxy.ClientCommunicator.doPost(ClientCommunicator.java:196)
	at proxy.ClientCommunicator.executeCommand(ClientCommunicator.java:109)
	at client.junit.ClientCommunicatorTest.testBuildRoad(ClientCommunicatorTest.java:310)
	at sun.reflect.NativeMethodAccessorImpl.invoke0(Native Method)
	at sun.reflect.NativeMethodAccessorImpl.invoke(NativeMethodAccessorImpl.java:62)
	at sun.reflect.DelegatingMethodAccessorImpl.invoke(DelegatingMethodAccessorImpl.java:43)
	at java.lang.reflect.Method.invoke(Method.java:483)
	at org.junit.runners.model.FrameworkMethod$1.runReflectiveCall(FrameworkMethod.java:47)
	at org.junit.internal.runners.model.ReflectiveCallable.run(ReflectiveCallable.java:12)
	at org.junit.runners.model.FrameworkMethod.invokeExplosively(FrameworkMethod.java:44)
	at org.junit.internal.runners.statements.InvokeMethod.evaluate(InvokeMethod.java:17)
	at org.junit.internal.runners.statements.RunBefores.evaluate(RunBefores.java:26)
	at org.junit.internal.runners.statements.RunAfters.evaluate(RunAfters.java:27)
	at org.junit.runners.ParentRunner.runLeaf(ParentRunner.java:271)
	at org.junit.runners.BlockJUnit4ClassRunner.runChild(BlockJUnit4ClassRunner.java:70)
	at org.junit.runners.BlockJUnit4ClassRunner.runChild(BlockJUnit4ClassRunner.java:50)
	at org.junit.runners.ParentRunner$3.run(ParentRunner.java:238)
	at org.junit.runners.ParentRunner$1.schedule(ParentRunner.java:63)
	at org.junit.runners.ParentRunner.runChildren(ParentRunner.java:236)
	at org.junit.runners.ParentRunner.access$000(ParentRunner.java:53)
	at org.junit.runners.ParentRunner$2.evaluate(ParentRunner.java:229)
	at org.junit.runners.ParentRunner.run(ParentRunner.java:309)
	at org.junit.runners.Suite.runChild(Suite.java:127)
	at org.junit.runners.Suite.runChild(Suite.java:26)
	at org.junit.runners.ParentRunner$3.run(ParentRunner.java:238)
	at org.junit.runners.ParentRunner$1.schedule(ParentRunner.java:63)
	at org.junit.runners.ParentRunner.runChildren(ParentRunner.java:236)
	at org.junit.runners.ParentRunner.access$000(ParentRunner.java:53)
	at org.junit.runners.ParentRunner$2.evaluate(ParentRunner.java:229)
	at org.junit.runners.ParentRunner.run(ParentRunner.java:309)
	at junit.framework.JUnit4TestAdapter.run(JUnit4TestAdapter.java:38)
	at org.apache.tools.ant.taskdefs.optional.junit.JUnitTestRunner.run(JUnitTestRunner.java:518)
	at org.apache.tools.ant.taskdefs.optional.junit.JUnitTestRunner.launch(JUnitTestRunner.java:1052)
	at org.apache.tools.ant.taskdefs.optional.junit.JUnitTestRunner.main(JUnitTestRunner.java:906)
Unable to doPost
java.net.ConnectException: Connection refused: connect
	at java.net.DualStackPlainSocketImpl.connect0(Native Method)
	at java.net.DualStackPlainSocketImpl.socketConnect(DualStackPlainSocketImpl.java:79)
	at java.net.AbstractPlainSocketImpl.doConnect(AbstractPlainSocketImpl.java:345)
	at java.net.AbstractPlainSocketImpl.connectToAddress(AbstractPlainSocketImpl.java:206)
	at java.net.AbstractPlainSocketImpl.connect(AbstractPlainSocketImpl.java:188)
	at java.net.PlainSocketImpl.connect(PlainSocketImpl.java:172)
	at java.net.SocksSocketImpl.connect(SocksSocketImpl.java:392)
	at java.net.Socket.connect(Socket.java:589)
	at java.net.Socket.connect(Socket.java:538)
	at sun.net.NetworkClient.doConnect(NetworkClient.java:180)
	at sun.net.www.http.HttpClient.openServer(HttpClient.java:432)
	at sun.net.www.http.HttpClient.openServer(HttpClient.java:527)
	at sun.net.www.http.HttpClient.<init>(HttpClient.java:211)
	at sun.net.www.http.HttpClient.New(HttpClient.java:308)
	at sun.net.www.http.HttpClient.New(HttpClient.java:326)
	at sun.net.www.protocol.http.HttpURLConnection.getNewHttpClient(HttpURLConnection.java:1167)
	at sun.net.www.protocol.http.HttpURLConnection.plainConnect0(HttpURLConnection.java:1103)
	at sun.net.www.protocol.http.HttpURLConnection.plainConnect(HttpURLConnection.java:997)
	at sun.net.www.protocol.http.HttpURLConnection.connect(HttpURLConnection.java:931)
	at proxy.ClientCommunicator.doPost(ClientCommunicator.java:196)
	at proxy.ClientCommunicator.executeCommand(ClientCommunicator.java:109)
	at client.junit.ClientCommunicatorTest.testRegisterUser(ClientCommunicatorTest.java:97)
	at sun.reflect.NativeMethodAccessorImpl.invoke0(Native Method)
	at sun.reflect.NativeMethodAccessorImpl.invoke(NativeMethodAccessorImpl.java:62)
	at sun.reflect.DelegatingMethodAccessorImpl.invoke(DelegatingMethodAccessorImpl.java:43)
	at java.lang.reflect.Method.invoke(Method.java:483)
	at org.junit.runners.model.FrameworkMethod$1.runReflectiveCall(FrameworkMethod.java:47)
	at org.junit.internal.runners.model.ReflectiveCallable.run(ReflectiveCallable.java:12)
	at org.junit.runners.model.FrameworkMethod.invokeExplosively(FrameworkMethod.java:44)
	at org.junit.internal.runners.statements.InvokeMethod.evaluate(InvokeMethod.java:17)
	at org.junit.internal.runners.statements.RunBefores.evaluate(RunBefores.java:26)
	at org.junit.internal.runners.statements.RunAfters.evaluate(RunAfters.java:27)
	at org.junit.runners.ParentRunner.runLeaf(ParentRunner.java:271)
	at org.junit.runners.BlockJUnit4ClassRunner.runChild(BlockJUnit4ClassRunner.java:70)
	at org.junit.runners.BlockJUnit4ClassRunner.runChild(BlockJUnit4ClassRunner.java:50)
	at org.junit.runners.ParentRunner$3.run(ParentRunner.java:238)
	at org.junit.runners.ParentRunner$1.schedule(ParentRunner.java:63)
	at org.junit.runners.ParentRunner.runChildren(ParentRunner.java:236)
	at org.junit.runners.ParentRunner.access$000(ParentRunner.java:53)
	at org.junit.runners.ParentRunner$2.evaluate(ParentRunner.java:229)
	at org.junit.runners.ParentRunner.run(ParentRunner.java:309)
	at org.junit.runners.Suite.runChild(Suite.java:127)
	at org.junit.runners.Suite.runChild(Suite.java:26)
	at org.junit.runners.ParentRunner$3.run(ParentRunner.java:238)
	at org.junit.runners.ParentRunner$1.schedule(ParentRunner.java:63)
	at org.junit.runners.ParentRunner.runChildren(ParentRunner.java:236)
	at org.junit.runners.ParentRunner.access$000(ParentRunner.java:53)
	at org.junit.runners.ParentRunner$2.evaluate(ParentRunner.java:229)
	at org.junit.runners.ParentRunner.run(ParentRunner.java:309)
	at junit.framework.JUnit4TestAdapter.run(JUnit4TestAdapter.java:38)
	at org.apache.tools.ant.taskdefs.optional.junit.JUnitTestRunner.run(JUnitTestRunner.java:518)
	at org.apache.tools.ant.taskdefs.optional.junit.JUnitTestRunner.launch(JUnitTestRunner.java:1052)
	at org.apache.tools.ant.taskdefs.optional.junit.JUnitTestRunner.main(JUnitTestRunner.java:906)
Unable to doPost
java.net.ConnectException: Connection refused: connect
	at java.net.DualStackPlainSocketImpl.connect0(Native Method)
	at java.net.DualStackPlainSocketImpl.socketConnect(DualStackPlainSocketImpl.java:79)
	at java.net.AbstractPlainSocketImpl.doConnect(AbstractPlainSocketImpl.java:345)
	at java.net.AbstractPlainSocketImpl.connectToAddress(AbstractPlainSocketImpl.java:206)
	at java.net.AbstractPlainSocketImpl.connect(AbstractPlainSocketImpl.java:188)
	at java.net.PlainSocketImpl.connect(PlainSocketImpl.java:172)
	at java.net.SocksSocketImpl.connect(SocksSocketImpl.java:392)
	at java.net.Socket.connect(Socket.java:589)
	at java.net.Socket.connect(Socket.java:538)
	at sun.net.NetworkClient.doConnect(NetworkClient.java:180)
	at sun.net.www.http.HttpClient.openServer(HttpClient.java:432)
	at sun.net.www.http.HttpClient.openServer(HttpClient.java:527)
	at sun.net.www.http.HttpClient.<init>(HttpClient.java:211)
	at sun.net.www.http.HttpClient.New(HttpClient.java:308)
	at sun.net.www.http.HttpClient.New(HttpClient.java:326)
	at sun.net.www.protocol.http.HttpURLConnection.getNewHttpClient(HttpURLConnection.java:1167)
	at sun.net.www.protocol.http.HttpURLConnection.plainConnect0(HttpURLConnection.java:1103)
	at sun.net.www.protocol.http.HttpURLConnection.plainConnect(HttpURLConnection.java:997)
	at sun.net.www.protocol.http.HttpURLConnection.connect(HttpURLConnection.java:931)
	at proxy.ClientCommunicator.doPost(ClientCommunicator.java:196)
	at proxy.ClientCommunicator.executeCommand(ClientCommunicator.java:109)
	at client.junit.ClientCommunicatorTest.testOfferTrade(ClientCommunicatorTest.java:346)
	at sun.reflect.NativeMethodAccessorImpl.invoke0(Native Method)
	at sun.reflect.NativeMethodAccessorImpl.invoke(NativeMethodAccessorImpl.java:62)
	at sun.reflect.DelegatingMethodAccessorImpl.invoke(DelegatingMethodAccessorImpl.java:43)
	at java.lang.reflect.Method.invoke(Method.java:483)
	at org.junit.runners.model.FrameworkMethod$1.runReflectiveCall(FrameworkMethod.java:47)
	at org.junit.internal.runners.model.ReflectiveCallable.run(ReflectiveCallable.java:12)
	at org.junit.runners.model.FrameworkMethod.invokeExplosively(FrameworkMethod.java:44)
	at org.junit.internal.runners.statements.InvokeMethod.evaluate(InvokeMethod.java:17)
	at org.junit.internal.runners.statements.RunBefores.evaluate(RunBefores.java:26)
	at org.junit.internal.runners.statements.RunAfters.evaluate(RunAfters.java:27)
	at org.junit.runners.ParentRunner.runLeaf(ParentRunner.java:271)
	at org.junit.runners.BlockJUnit4ClassRunner.runChild(BlockJUnit4ClassRunner.java:70)
	at org.junit.runners.BlockJUnit4ClassRunner.runChild(BlockJUnit4ClassRunner.java:50)
	at org.junit.runners.ParentRunner$3.run(ParentRunner.java:238)
	at org.junit.runners.ParentRunner$1.schedule(ParentRunner.java:63)
	at org.junit.runners.ParentRunner.runChildren(ParentRunner.java:236)
	at org.junit.runners.ParentRunner.access$000(ParentRunner.java:53)
	at org.junit.runners.ParentRunner$2.evaluate(ParentRunner.java:229)
	at org.junit.runners.ParentRunner.run(ParentRunner.java:309)
	at org.junit.runners.Suite.runChild(Suite.java:127)
	at org.junit.runners.Suite.runChild(Suite.java:26)
	at org.junit.runners.ParentRunner$3.run(ParentRunner.java:238)
	at org.junit.runners.ParentRunner$1.schedule(ParentRunner.java:63)
	at org.junit.runners.ParentRunner.runChildren(ParentRunner.java:236)
	at org.junit.runners.ParentRunner.access$000(ParentRunner.java:53)
	at org.junit.runners.ParentRunner$2.evaluate(ParentRunner.java:229)
	at org.junit.runners.ParentRunner.run(ParentRunner.java:309)
	at junit.framework.JUnit4TestAdapter.run(JUnit4TestAdapter.java:38)
	at org.apache.tools.ant.taskdefs.optional.junit.JUnitTestRunner.run(JUnitTestRunner.java:518)
	at org.apache.tools.ant.taskdefs.optional.junit.JUnitTestRunner.launch(JUnitTestRunner.java:1052)
	at org.apache.tools.ant.taskdefs.optional.junit.JUnitTestRunner.main(JUnitTestRunner.java:906)
Unable to doPost
java.net.ConnectException: Connection refused: connect
	at java.net.DualStackPlainSocketImpl.connect0(Native Method)
	at java.net.DualStackPlainSocketImpl.socketConnect(DualStackPlainSocketImpl.java:79)
	at java.net.AbstractPlainSocketImpl.doConnect(AbstractPlainSocketImpl.java:345)
	at java.net.AbstractPlainSocketImpl.connectToAddress(AbstractPlainSocketImpl.java:206)
	at java.net.AbstractPlainSocketImpl.connect(AbstractPlainSocketImpl.java:188)
	at java.net.PlainSocketImpl.connect(PlainSocketImpl.java:172)
	at java.net.SocksSocketImpl.connect(SocksSocketImpl.java:392)
	at java.net.Socket.connect(Socket.java:589)
	at java.net.Socket.connect(Socket.java:538)
	at sun.net.NetworkClient.doConnect(NetworkClient.java:180)
	at sun.net.www.http.HttpClient.openServer(HttpClient.java:432)
	at sun.net.www.http.HttpClient.openServer(HttpClient.java:527)
	at sun.net.www.http.HttpClient.<init>(HttpClient.java:211)
	at sun.net.www.http.HttpClient.New(HttpClient.java:308)
	at sun.net.www.http.HttpClient.New(HttpClient.java:326)
	at sun.net.www.protocol.http.HttpURLConnection.getNewHttpClient(HttpURLConnection.java:1167)
	at sun.net.www.protocol.http.HttpURLConnection.plainConnect0(HttpURLConnection.java:1103)
	at sun.net.www.protocol.http.HttpURLConnection.plainConnect(HttpURLConnection.java:997)
	at sun.net.www.protocol.http.HttpURLConnection.connect(HttpURLConnection.java:931)
	at proxy.ClientCommunicator.doPost(ClientCommunicator.java:196)
	at proxy.ClientCommunicator.executeCommand(ClientCommunicator.java:109)
	at client.junit.ClientCommunicatorTest.testYearOfPlenty(ClientCommunicatorTest.java:255)
	at sun.reflect.NativeMethodAccessorImpl.invoke0(Native Method)
	at sun.reflect.NativeMethodAccessorImpl.invoke(NativeMethodAccessorImpl.java:62)
	at sun.reflect.DelegatingMethodAccessorImpl.invoke(DelegatingMethodAccessorImpl.java:43)
	at java.lang.reflect.Method.invoke(Method.java:483)
	at org.junit.runners.model.FrameworkMethod$1.runReflectiveCall(FrameworkMethod.java:47)
	at org.junit.internal.runners.model.ReflectiveCallable.run(ReflectiveCallable.java:12)
	at org.junit.runners.model.FrameworkMethod.invokeExplosively(FrameworkMethod.java:44)
	at org.junit.internal.runners.statements.InvokeMethod.evaluate(InvokeMethod.java:17)
	at org.junit.internal.runners.statements.RunBefores.evaluate(RunBefores.java:26)
	at org.junit.internal.runners.statements.RunAfters.evaluate(RunAfters.java:27)
	at org.junit.runners.ParentRunner.runLeaf(ParentRunner.java:271)
	at org.junit.runners.BlockJUnit4ClassRunner.runChild(BlockJUnit4ClassRunner.java:70)
	at org.junit.runners.BlockJUnit4ClassRunner.runChild(BlockJUnit4ClassRunner.java:50)
	at org.junit.runners.ParentRunner$3.run(ParentRunner.java:238)
	at org.junit.runners.ParentRunner$1.schedule(ParentRunner.java:63)
	at org.junit.runners.ParentRunner.runChildren(ParentRunner.java:236)
	at org.junit.runners.ParentRunner.access$000(ParentRunner.java:53)
	at org.junit.runners.ParentRunner$2.evaluate(ParentRunner.java:229)
	at org.junit.runners.ParentRunner.run(ParentRunner.java:309)
	at org.junit.runners.Suite.runChild(Suite.java:127)
	at org.junit.runners.Suite.runChild(Suite.java:26)
	at org.junit.runners.ParentRunner$3.run(ParentRunner.java:238)
	at org.junit.runners.ParentRunner$1.schedule(ParentRunner.java:63)
	at org.junit.runners.ParentRunner.runChildren(ParentRunner.java:236)
	at org.junit.runners.ParentRunner.access$000(ParentRunner.java:53)
	at org.junit.runners.ParentRunner$2.evaluate(ParentRunner.java:229)
	at org.junit.runners.ParentRunner.run(ParentRunner.java:309)
	at junit.framework.JUnit4TestAdapter.run(JUnit4TestAdapter.java:38)
	at org.apache.tools.ant.taskdefs.optional.junit.JUnitTestRunner.run(JUnitTestRunner.java:518)
	at org.apache.tools.ant.taskdefs.optional.junit.JUnitTestRunner.launch(JUnitTestRunner.java:1052)
	at org.apache.tools.ant.taskdefs.optional.junit.JUnitTestRunner.main(JUnitTestRunner.java:906)
Unable to doPost
java.net.ConnectException: Connection refused: connect
	at java.net.DualStackPlainSocketImpl.connect0(Native Method)
	at java.net.DualStackPlainSocketImpl.socketConnect(DualStackPlainSocketImpl.java:79)
	at java.net.AbstractPlainSocketImpl.doConnect(AbstractPlainSocketImpl.java:345)
	at java.net.AbstractPlainSocketImpl.connectToAddress(AbstractPlainSocketImpl.java:206)
	at java.net.AbstractPlainSocketImpl.connect(AbstractPlainSocketImpl.java:188)
	at java.net.PlainSocketImpl.connect(PlainSocketImpl.java:172)
	at java.net.SocksSocketImpl.connect(SocksSocketImpl.java:392)
	at java.net.Socket.connect(Socket.java:589)
	at java.net.Socket.connect(Socket.java:538)
	at sun.net.NetworkClient.doConnect(NetworkClient.java:180)
	at sun.net.www.http.HttpClient.openServer(HttpClient.java:432)
	at sun.net.www.http.HttpClient.openServer(HttpClient.java:527)
	at sun.net.www.http.HttpClient.<init>(HttpClient.java:211)
	at sun.net.www.http.HttpClient.New(HttpClient.java:308)
	at sun.net.www.http.HttpClient.New(HttpClient.java:326)
	at sun.net.www.protocol.http.HttpURLConnection.getNewHttpClient(HttpURLConnection.java:1167)
	at sun.net.www.protocol.http.HttpURLConnection.plainConnect0(HttpURLConnection.java:1103)
	at sun.net.www.protocol.http.HttpURLConnection.plainConnect(HttpURLConnection.java:997)
	at sun.net.www.protocol.http.HttpURLConnection.connect(HttpURLConnection.java:931)
	at proxy.ClientCommunicator.doPost(ClientCommunicator.java:196)
	at proxy.ClientCommunicator.executeCommand(ClientCommunicator.java:109)
	at client.junit.ClientCommunicatorTest.testDiscardCards(ClientCommunicatorTest.java:379)
	at sun.reflect.NativeMethodAccessorImpl.invoke0(Native Method)
	at sun.reflect.NativeMethodAccessorImpl.invoke(NativeMethodAccessorImpl.java:62)
	at sun.reflect.DelegatingMethodAccessorImpl.invoke(DelegatingMethodAccessorImpl.java:43)
	at java.lang.reflect.Method.invoke(Method.java:483)
	at org.junit.runners.model.FrameworkMethod$1.runReflectiveCall(FrameworkMethod.java:47)
	at org.junit.internal.runners.model.ReflectiveCallable.run(ReflectiveCallable.java:12)
	at org.junit.runners.model.FrameworkMethod.invokeExplosively(FrameworkMethod.java:44)
	at org.junit.internal.runners.statements.InvokeMethod.evaluate(InvokeMethod.java:17)
	at org.junit.internal.runners.statements.RunBefores.evaluate(RunBefores.java:26)
	at org.junit.internal.runners.statements.RunAfters.evaluate(RunAfters.java:27)
	at org.junit.runners.ParentRunner.runLeaf(ParentRunner.java:271)
	at org.junit.runners.BlockJUnit4ClassRunner.runChild(BlockJUnit4ClassRunner.java:70)
	at org.junit.runners.BlockJUnit4ClassRunner.runChild(BlockJUnit4ClassRunner.java:50)
	at org.junit.runners.ParentRunner$3.run(ParentRunner.java:238)
	at org.junit.runners.ParentRunner$1.schedule(ParentRunner.java:63)
	at org.junit.runners.ParentRunner.runChildren(ParentRunner.java:236)
	at org.junit.runners.ParentRunner.access$000(ParentRunner.java:53)
	at org.junit.runners.ParentRunner$2.evaluate(ParentRunner.java:229)
	at org.junit.runners.ParentRunner.run(ParentRunner.java:309)
	at org.junit.runners.Suite.runChild(Suite.java:127)
	at org.junit.runners.Suite.runChild(Suite.java:26)
	at org.junit.runners.ParentRunner$3.run(ParentRunner.java:238)
	at org.junit.runners.ParentRunner$1.schedule(ParentRunner.java:63)
	at org.junit.runners.ParentRunner.runChildren(ParentRunner.java:236)
	at org.junit.runners.ParentRunner.access$000(ParentRunner.java:53)
	at org.junit.runners.ParentRunner$2.evaluate(ParentRunner.java:229)
	at org.junit.runners.ParentRunner.run(ParentRunner.java:309)
	at junit.framework.JUnit4TestAdapter.run(JUnit4TestAdapter.java:38)
	at org.apache.tools.ant.taskdefs.optional.junit.JUnitTestRunner.run(JUnitTestRunner.java:518)
	at org.apache.tools.ant.taskdefs.optional.junit.JUnitTestRunner.launch(JUnitTestRunner.java:1052)
	at org.apache.tools.ant.taskdefs.optional.junit.JUnitTestRunner.main(JUnitTestRunner.java:906)
Unable to doPost
java.net.ConnectException: Connection refused: connect
	at java.net.DualStackPlainSocketImpl.connect0(Native Method)
	at java.net.DualStackPlainSocketImpl.socketConnect(DualStackPlainSocketImpl.java:79)
	at java.net.AbstractPlainSocketImpl.doConnect(AbstractPlainSocketImpl.java:345)
	at java.net.AbstractPlainSocketImpl.connectToAddress(AbstractPlainSocketImpl.java:206)
	at java.net.AbstractPlainSocketImpl.connect(AbstractPlainSocketImpl.java:188)
	at java.net.PlainSocketImpl.connect(PlainSocketImpl.java:172)
	at java.net.SocksSocketImpl.connect(SocksSocketImpl.java:392)
	at java.net.Socket.connect(Socket.java:589)
	at java.net.Socket.connect(Socket.java:538)
	at sun.net.NetworkClient.doConnect(NetworkClient.java:180)
	at sun.net.www.http.HttpClient.openServer(HttpClient.java:432)
	at sun.net.www.http.HttpClient.openServer(HttpClient.java:527)
	at sun.net.www.http.HttpClient.<init>(HttpClient.java:211)
	at sun.net.www.http.HttpClient.New(HttpClient.java:308)
	at sun.net.www.http.HttpClient.New(HttpClient.java:326)
	at sun.net.www.protocol.http.HttpURLConnection.getNewHttpClient(HttpURLConnection.java:1167)
	at sun.net.www.protocol.http.HttpURLConnection.plainConnect0(HttpURLConnection.java:1103)
	at sun.net.www.protocol.http.HttpURLConnection.plainConnect(HttpURLConnection.java:997)
	at sun.net.www.protocol.http.HttpURLConnection.connect(HttpURLConnection.java:931)
	at proxy.ClientCommunicator.doPost(ClientCommunicator.java:196)
	at proxy.ClientCommunicator.executeCommand(ClientCommunicator.java:109)
	at client.junit.ClientCommunicatorTest.testMonopoly(ClientCommunicatorTest.java:288)
	at sun.reflect.NativeMethodAccessorImpl.invoke0(Native Method)
	at sun.reflect.NativeMethodAccessorImpl.invoke(NativeMethodAccessorImpl.java:62)
	at sun.reflect.DelegatingMethodAccessorImpl.invoke(DelegatingMethodAccessorImpl.java:43)
	at java.lang.reflect.Method.invoke(Method.java:483)
	at org.junit.runners.model.FrameworkMethod$1.runReflectiveCall(FrameworkMethod.java:47)
	at org.junit.internal.runners.model.ReflectiveCallable.run(ReflectiveCallable.java:12)
	at org.junit.runners.model.FrameworkMethod.invokeExplosively(FrameworkMethod.java:44)
	at org.junit.internal.runners.statements.InvokeMethod.evaluate(InvokeMethod.java:17)
	at org.junit.internal.runners.statements.RunBefores.evaluate(RunBefores.java:26)
	at org.junit.internal.runners.statements.RunAfters.evaluate(RunAfters.java:27)
	at org.junit.runners.ParentRunner.runLeaf(ParentRunner.java:271)
	at org.junit.runners.BlockJUnit4ClassRunner.runChild(BlockJUnit4ClassRunner.java:70)
	at org.junit.runners.BlockJUnit4ClassRunner.runChild(BlockJUnit4ClassRunner.java:50)
	at org.junit.runners.ParentRunner$3.run(ParentRunner.java:238)
	at org.junit.runners.ParentRunner$1.schedule(ParentRunner.java:63)
	at org.junit.runners.ParentRunner.runChildren(ParentRunner.java:236)
	at org.junit.runners.ParentRunner.access$000(ParentRunner.java:53)
	at org.junit.runners.ParentRunner$2.evaluate(ParentRunner.java:229)
	at org.junit.runners.ParentRunner.run(ParentRunner.java:309)
	at org.junit.runners.Suite.runChild(Suite.java:127)
	at org.junit.runners.Suite.runChild(Suite.java:26)
	at org.junit.runners.ParentRunner$3.run(ParentRunner.java:238)
	at org.junit.runners.ParentRunner$1.schedule(ParentRunner.java:63)
	at org.junit.runners.ParentRunner.runChildren(ParentRunner.java:236)
	at org.junit.runners.ParentRunner.access$000(ParentRunner.java:53)
	at org.junit.runners.ParentRunner$2.evaluate(ParentRunner.java:229)
	at org.junit.runners.ParentRunner.run(ParentRunner.java:309)
	at junit.framework.JUnit4TestAdapter.run(JUnit4TestAdapter.java:38)
	at org.apache.tools.ant.taskdefs.optional.junit.JUnitTestRunner.run(JUnitTestRunner.java:518)
	at org.apache.tools.ant.taskdefs.optional.junit.JUnitTestRunner.launch(JUnitTestRunner.java:1052)
	at org.apache.tools.ant.taskdefs.optional.junit.JUnitTestRunner.main(JUnitTestRunner.java:906)
Unable to doPost
java.net.ConnectException: Connection refused: connect
	at java.net.DualStackPlainSocketImpl.connect0(Native Method)
	at java.net.DualStackPlainSocketImpl.socketConnect(DualStackPlainSocketImpl.java:79)
	at java.net.AbstractPlainSocketImpl.doConnect(AbstractPlainSocketImpl.java:345)
	at java.net.AbstractPlainSocketImpl.connectToAddress(AbstractPlainSocketImpl.java:206)
	at java.net.AbstractPlainSocketImpl.connect(AbstractPlainSocketImpl.java:188)
	at java.net.PlainSocketImpl.connect(PlainSocketImpl.java:172)
	at java.net.SocksSocketImpl.connect(SocksSocketImpl.java:392)
	at java.net.Socket.connect(Socket.java:589)
	at java.net.Socket.connect(Socket.java:538)
	at sun.net.NetworkClient.doConnect(NetworkClient.java:180)
	at sun.net.www.http.HttpClient.openServer(HttpClient.java:432)
	at sun.net.www.http.HttpClient.openServer(HttpClient.java:527)
	at sun.net.www.http.HttpClient.<init>(HttpClient.java:211)
	at sun.net.www.http.HttpClient.New(HttpClient.java:308)
	at sun.net.www.http.HttpClient.New(HttpClient.java:326)
	at sun.net.www.protocol.http.HttpURLConnection.getNewHttpClient(HttpURLConnection.java:1167)
	at sun.net.www.protocol.http.HttpURLConnection.plainConnect0(HttpURLConnection.java:1103)
	at sun.net.www.protocol.http.HttpURLConnection.plainConnect(HttpURLConnection.java:997)
	at sun.net.www.protocol.http.HttpURLConnection.connect(HttpURLConnection.java:931)
	at proxy.ClientCommunicator.doPost(ClientCommunicator.java:196)
	at proxy.ClientCommunicator.executeCommand(ClientCommunicator.java:109)
	at client.junit.ClientCommunicatorTest.testMonument(ClientCommunicatorTest.java:299)
	at sun.reflect.NativeMethodAccessorImpl.invoke0(Native Method)
	at sun.reflect.NativeMethodAccessorImpl.invoke(NativeMethodAccessorImpl.java:62)
	at sun.reflect.DelegatingMethodAccessorImpl.invoke(DelegatingMethodAccessorImpl.java:43)
	at java.lang.reflect.Method.invoke(Method.java:483)
	at org.junit.runners.model.FrameworkMethod$1.runReflectiveCall(FrameworkMethod.java:47)
	at org.junit.internal.runners.model.ReflectiveCallable.run(ReflectiveCallable.java:12)
	at org.junit.runners.model.FrameworkMethod.invokeExplosively(FrameworkMethod.java:44)
	at org.junit.internal.runners.statements.InvokeMethod.evaluate(InvokeMethod.java:17)
	at org.junit.internal.runners.statements.RunBefores.evaluate(RunBefores.java:26)
	at org.junit.internal.runners.statements.RunAfters.evaluate(RunAfters.java:27)
	at org.junit.runners.ParentRunner.runLeaf(ParentRunner.java:271)
	at org.junit.runners.BlockJUnit4ClassRunner.runChild(BlockJUnit4ClassRunner.java:70)
	at org.junit.runners.BlockJUnit4ClassRunner.runChild(BlockJUnit4ClassRunner.java:50)
	at org.junit.runners.ParentRunner$3.run(ParentRunner.java:238)
	at org.junit.runners.ParentRunner$1.schedule(ParentRunner.java:63)
	at org.junit.runners.ParentRunner.runChildren(ParentRunner.java:236)
	at org.junit.runners.ParentRunner.access$000(ParentRunner.java:53)
	at org.junit.runners.ParentRunner$2.evaluate(ParentRunner.java:229)
	at org.junit.runners.ParentRunner.run(ParentRunner.java:309)
	at org.junit.runners.Suite.runChild(Suite.java:127)
	at org.junit.runners.Suite.runChild(Suite.java:26)
	at org.junit.runners.ParentRunner$3.run(ParentRunner.java:238)
	at org.junit.runners.ParentRunner$1.schedule(ParentRunner.java:63)
	at org.junit.runners.ParentRunner.runChildren(ParentRunner.java:236)
	at org.junit.runners.ParentRunner.access$000(ParentRunner.java:53)
	at org.junit.runners.ParentRunner$2.evaluate(ParentRunner.java:229)
	at org.junit.runners.ParentRunner.run(ParentRunner.java:309)
	at junit.framework.JUnit4TestAdapter.run(JUnit4TestAdapter.java:38)
	at org.apache.tools.ant.taskdefs.optional.junit.JUnitTestRunner.run(JUnitTestRunner.java:518)
	at org.apache.tools.ant.taskdefs.optional.junit.JUnitTestRunner.launch(JUnitTestRunner.java:1052)
	at org.apache.tools.ant.taskdefs.optional.junit.JUnitTestRunner.main(JUnitTestRunner.java:906)
Unable to doPost
java.net.ConnectException: Connection refused: connect
	at java.net.DualStackPlainSocketImpl.connect0(Native Method)
	at java.net.DualStackPlainSocketImpl.socketConnect(DualStackPlainSocketImpl.java:79)
	at java.net.AbstractPlainSocketImpl.doConnect(AbstractPlainSocketImpl.java:345)
	at java.net.AbstractPlainSocketImpl.connectToAddress(AbstractPlainSocketImpl.java:206)
	at java.net.AbstractPlainSocketImpl.connect(AbstractPlainSocketImpl.java:188)
	at java.net.PlainSocketImpl.connect(PlainSocketImpl.java:172)
	at java.net.SocksSocketImpl.connect(SocksSocketImpl.java:392)
	at java.net.Socket.connect(Socket.java:589)
	at java.net.Socket.connect(Socket.java:538)
	at sun.net.NetworkClient.doConnect(NetworkClient.java:180)
	at sun.net.www.http.HttpClient.openServer(HttpClient.java:432)
	at sun.net.www.http.HttpClient.openServer(HttpClient.java:527)
	at sun.net.www.http.HttpClient.<init>(HttpClient.java:211)
	at sun.net.www.http.HttpClient.New(HttpClient.java:308)
	at sun.net.www.http.HttpClient.New(HttpClient.java:326)
	at sun.net.www.protocol.http.HttpURLConnection.getNewHttpClient(HttpURLConnection.java:1167)
	at sun.net.www.protocol.http.HttpURLConnection.plainConnect0(HttpURLConnection.java:1103)
	at sun.net.www.protocol.http.HttpURLConnection.plainConnect(HttpURLConnection.java:997)
	at sun.net.www.protocol.http.HttpURLConnection.connect(HttpURLConnection.java:931)
	at proxy.ClientCommunicator.doPost(ClientCommunicator.java:196)
	at proxy.ClientCommunicator.executeCommand(ClientCommunicator.java:109)
	at client.junit.ClientCommunicatorTest.testFinishTurn(ClientCommunicatorTest.java:233)
	at sun.reflect.NativeMethodAccessorImpl.invoke0(Native Method)
	at sun.reflect.NativeMethodAccessorImpl.invoke(NativeMethodAccessorImpl.java:62)
	at sun.reflect.DelegatingMethodAccessorImpl.invoke(DelegatingMethodAccessorImpl.java:43)
	at java.lang.reflect.Method.invoke(Method.java:483)
	at org.junit.runners.model.FrameworkMethod$1.runReflectiveCall(FrameworkMethod.java:47)
	at org.junit.internal.runners.model.ReflectiveCallable.run(ReflectiveCallable.java:12)
	at org.junit.runners.model.FrameworkMethod.invokeExplosively(FrameworkMethod.java:44)
	at org.junit.internal.runners.statements.InvokeMethod.evaluate(InvokeMethod.java:17)
	at org.junit.internal.runners.statements.RunBefores.evaluate(RunBefores.java:26)
	at org.junit.internal.runners.statements.RunAfters.evaluate(RunAfters.java:27)
	at org.junit.runners.ParentRunner.runLeaf(ParentRunner.java:271)
	at org.junit.runners.BlockJUnit4ClassRunner.runChild(BlockJUnit4ClassRunner.java:70)
	at org.junit.runners.BlockJUnit4ClassRunner.runChild(BlockJUnit4ClassRunner.java:50)
	at org.junit.runners.ParentRunner$3.run(ParentRunner.java:238)
	at org.junit.runners.ParentRunner$1.schedule(ParentRunner.java:63)
	at org.junit.runners.ParentRunner.runChildren(ParentRunner.java:236)
	at org.junit.runners.ParentRunner.access$000(ParentRunner.java:53)
	at org.junit.runners.ParentRunner$2.evaluate(ParentRunner.java:229)
	at org.junit.runners.ParentRunner.run(ParentRunner.java:309)
	at org.junit.runners.Suite.runChild(Suite.java:127)
	at org.junit.runners.Suite.runChild(Suite.java:26)
	at org.junit.runners.ParentRunner$3.run(ParentRunner.java:238)
	at org.junit.runners.ParentRunner$1.schedule(ParentRunner.java:63)
	at org.junit.runners.ParentRunner.runChildren(ParentRunner.java:236)
	at org.junit.runners.ParentRunner.access$000(ParentRunner.java:53)
	at org.junit.runners.ParentRunner$2.evaluate(ParentRunner.java:229)
	at org.junit.runners.ParentRunner.run(ParentRunner.java:309)
	at junit.framework.JUnit4TestAdapter.run(JUnit4TestAdapter.java:38)
	at org.apache.tools.ant.taskdefs.optional.junit.JUnitTestRunner.run(JUnitTestRunner.java:518)
	at org.apache.tools.ant.taskdefs.optional.junit.JUnitTestRunner.launch(JUnitTestRunner.java:1052)
	at org.apache.tools.ant.taskdefs.optional.junit.JUnitTestRunner.main(JUnitTestRunner.java:906)
Unable to doPost
java.net.ConnectException: Connection refused: connect
	at java.net.DualStackPlainSocketImpl.connect0(Native Method)
	at java.net.DualStackPlainSocketImpl.socketConnect(DualStackPlainSocketImpl.java:79)
	at java.net.AbstractPlainSocketImpl.doConnect(AbstractPlainSocketImpl.java:345)
	at java.net.AbstractPlainSocketImpl.connectToAddress(AbstractPlainSocketImpl.java:206)
	at java.net.AbstractPlainSocketImpl.connect(AbstractPlainSocketImpl.java:188)
	at java.net.PlainSocketImpl.connect(PlainSocketImpl.java:172)
	at java.net.SocksSocketImpl.connect(SocksSocketImpl.java:392)
	at java.net.Socket.connect(Socket.java:589)
	at java.net.Socket.connect(Socket.java:538)
	at sun.net.NetworkClient.doConnect(NetworkClient.java:180)
	at sun.net.www.http.HttpClient.openServer(HttpClient.java:432)
	at sun.net.www.http.HttpClient.openServer(HttpClient.java:527)
	at sun.net.www.http.HttpClient.<init>(HttpClient.java:211)
	at sun.net.www.http.HttpClient.New(HttpClient.java:308)
	at sun.net.www.http.HttpClient.New(HttpClient.java:326)
	at sun.net.www.protocol.http.HttpURLConnection.getNewHttpClient(HttpURLConnection.java:1167)
	at sun.net.www.protocol.http.HttpURLConnection.plainConnect0(HttpURLConnection.java:1103)
	at sun.net.www.protocol.http.HttpURLConnection.plainConnect(HttpURLConnection.java:997)
	at sun.net.www.protocol.http.HttpURLConnection.connect(HttpURLConnection.java:931)
	at proxy.ClientCommunicator.doPost(ClientCommunicator.java:196)
	at proxy.ClientCommunicator.executeCommand(ClientCommunicator.java:109)
	at client.junit.ClientCommunicatorTest.testCreateGame(ClientCommunicatorTest.java:115)
	at sun.reflect.NativeMethodAccessorImpl.invoke0(Native Method)
	at sun.reflect.NativeMethodAccessorImpl.invoke(NativeMethodAccessorImpl.java:62)
	at sun.reflect.DelegatingMethodAccessorImpl.invoke(DelegatingMethodAccessorImpl.java:43)
	at java.lang.reflect.Method.invoke(Method.java:483)
	at org.junit.runners.model.FrameworkMethod$1.runReflectiveCall(FrameworkMethod.java:47)
	at org.junit.internal.runners.model.ReflectiveCallable.run(ReflectiveCallable.java:12)
	at org.junit.runners.model.FrameworkMethod.invokeExplosively(FrameworkMethod.java:44)
	at org.junit.internal.runners.statements.InvokeMethod.evaluate(InvokeMethod.java:17)
	at org.junit.internal.runners.statements.RunBefores.evaluate(RunBefores.java:26)
	at org.junit.internal.runners.statements.RunAfters.evaluate(RunAfters.java:27)
	at org.junit.runners.ParentRunner.runLeaf(ParentRunner.java:271)
	at org.junit.runners.BlockJUnit4ClassRunner.runChild(BlockJUnit4ClassRunner.java:70)
	at org.junit.runners.BlockJUnit4ClassRunner.runChild(BlockJUnit4ClassRunner.java:50)
	at org.junit.runners.ParentRunner$3.run(ParentRunner.java:238)
	at org.junit.runners.ParentRunner$1.schedule(ParentRunner.java:63)
	at org.junit.runners.ParentRunner.runChildren(ParentRunner.java:236)
	at org.junit.runners.ParentRunner.access$000(ParentRunner.java:53)
	at org.junit.runners.ParentRunner$2.evaluate(ParentRunner.java:229)
	at org.junit.runners.ParentRunner.run(ParentRunner.java:309)
	at org.junit.runners.Suite.runChild(Suite.java:127)
	at org.junit.runners.Suite.runChild(Suite.java:26)
	at org.junit.runners.ParentRunner$3.run(ParentRunner.java:238)
	at org.junit.runners.ParentRunner$1.schedule(ParentRunner.java:63)
	at org.junit.runners.ParentRunner.runChildren(ParentRunner.java:236)
	at org.junit.runners.ParentRunner.access$000(ParentRunner.java:53)
	at org.junit.runners.ParentRunner$2.evaluate(ParentRunner.java:229)
	at org.junit.runners.ParentRunner.run(ParentRunner.java:309)
	at junit.framework.JUnit4TestAdapter.run(JUnit4TestAdapter.java:38)
	at org.apache.tools.ant.taskdefs.optional.junit.JUnitTestRunner.run(JUnitTestRunner.java:518)
	at org.apache.tools.ant.taskdefs.optional.junit.JUnitTestRunner.launch(JUnitTestRunner.java:1052)
	at org.apache.tools.ant.taskdefs.optional.junit.JUnitTestRunner.main(JUnitTestRunner.java:906)
Unable to doPost
java.net.ConnectException: Connection refused: connect
[...]
	at org.apache.tools.ant.taskdefs.optional.junit.JUnitTestRunner.run(JUnitTestRunner.java:518)
	at org.apache.tools.ant.taskdefs.optional.junit.JUnitTestRunner.launch(JUnitTestRunner.java:1052)
	at org.apache.tools.ant.taskdefs.optional.junit.JUnitTestRunner.main(JUnitTestRunner.java:906)
Unable to doPost
java.net.ConnectException: Connection refused: connect
	at java.net.DualStackPlainSocketImpl.connect0(Native Method)
	at java.net.DualStackPlainSocketImpl.socketConnect(DualStackPlainSocketImpl.java:79)
	at java.net.AbstractPlainSocketImpl.doConnect(AbstractPlainSocketImpl.java:345)
	at java.net.AbstractPlainSocketImpl.connectToAddress(AbstractPlainSocketImpl.java:206)
	at java.net.AbstractPlainSocketImpl.connect(AbstractPlainSocketImpl.java:188)
	at java.net.PlainSocketImpl.connect(PlainSocketImpl.java:172)
	at java.net.SocksSocketImpl.connect(SocksSocketImpl.java:392)
	at java.net.Socket.connect(Socket.java:589)
	at java.net.Socket.connect(Socket.java:538)
	at sun.net.NetworkClient.doConnect(NetworkClient.java:180)
	at sun.net.www.http.HttpClient.openServer(HttpClient.java:432)
	at sun.net.www.http.HttpClient.openServer(HttpClient.java:527)
	at sun.net.www.http.HttpClient.<init>(HttpClient.java:211)
	at sun.net.www.http.HttpClient.New(HttpClient.java:308)
	at sun.net.www.http.HttpClient.New(HttpClient.java:326)
	at sun.net.www.protocol.http.HttpURLConnection.getNewHttpClient(HttpURLConnection.java:1167)
	at sun.net.www.protocol.http.HttpURLConnection.plainConnect0(HttpURLConnection.java:1103)
	at sun.net.www.protocol.http.HttpURLConnection.plainConnect(HttpURLConnection.java:997)
	at sun.net.www.protocol.http.HttpURLConnection.connect(HttpURLConnection.java:931)
	at proxy.ClientCommunicator.doPost(ClientCommunicator.java:196)
	at proxy.ClientCommunicator.executeCommand(ClientCommunicator.java:109)
	at client.junit.ClientCommunicatorTest.testGameReset(ClientCommunicatorTest.java:144)
	at sun.reflect.NativeMethodAccessorImpl.invoke0(Native Method)
	at sun.reflect.NativeMethodAccessorImpl.invoke(NativeMethodAccessorImpl.java:62)
	at sun.reflect.DelegatingMethodAccessorImpl.invoke(DelegatingMethodAccessorImpl.java:43)
	at java.lang.reflect.Method.invoke(Method.java:483)
	at org.junit.runners.model.FrameworkMethod$1.runReflectiveCall(FrameworkMethod.java:47)
	at org.junit.internal.runners.model.ReflectiveCallable.run(ReflectiveCallable.java:12)
	at org.junit.runners.model.FrameworkMethod.invokeExplosively(FrameworkMethod.java:44)
	at org.junit.internal.runners.statements.InvokeMethod.evaluate(InvokeMethod.java:17)
	at org.junit.internal.runners.statements.RunBefores.evaluate(RunBefores.java:26)
	at org.junit.internal.runners.statements.RunAfters.evaluate(RunAfters.java:27)
	at org.junit.runners.ParentRunner.runLeaf(ParentRunner.java:271)
	at org.junit.runners.BlockJUnit4ClassRunner.runChild(BlockJUnit4ClassRunner.java:70)
	at org.junit.runners.BlockJUnit4ClassRunner.runChild(BlockJUnit4ClassRunner.java:50)
	at org.junit.runners.ParentRunner$3.run(ParentRunner.java:238)
	at org.junit.runners.ParentRunner$1.schedule(ParentRunner.java:63)
	at org.junit.runners.ParentRunner.runChildren(ParentRunner.java:236)
	at org.junit.runners.ParentRunner.access$000(ParentRunner.java:53)
	at org.junit.runners.ParentRunner$2.evaluate(ParentRunner.java:229)
	at org.junit.runners.ParentRunner.run(ParentRunner.java:309)
	at org.junit.runners.Suite.runChild(Suite.java:127)
	at org.junit.runners.Suite.runChild(Suite.java:26)
	at org.junit.runners.ParentRunner$3.run(ParentRunner.java:238)
	at org.junit.runners.ParentRunner$1.schedule(ParentRunner.java:63)
	at org.junit.runners.ParentRunner.runChildren(ParentRunner.java:236)
	at org.junit.runners.ParentRunner.access$000(ParentRunner.java:53)
	at org.junit.runners.ParentRunner$2.evaluate(ParentRunner.java:229)
	at org.junit.runners.ParentRunner.run(ParentRunner.java:309)
	at junit.framework.JUnit4TestAdapter.run(JUnit4TestAdapter.java:38)
	at org.apache.tools.ant.taskdefs.optional.junit.JUnitTestRunner.run(JUnitTestRunner.java:518)
	at org.apache.tools.ant.taskdefs.optional.junit.JUnitTestRunner.launch(JUnitTestRunner.java:1052)
	at org.apache.tools.ant.taskdefs.optional.junit.JUnitTestRunner.main(JUnitTestRunner.java:906)
Unable to doPost
java.net.ConnectException: Connection refused: connect
	at java.net.DualStackPlainSocketImpl.connect0(Native Method)
	at java.net.DualStackPlainSocketImpl.socketConnect(DualStackPlainSocketImpl.java:79)
	at java.net.AbstractPlainSocketImpl.doConnect(AbstractPlainSocketImpl.java:345)
	at java.net.AbstractPlainSocketImpl.connectToAddress(AbstractPlainSocketImpl.java:206)
	at java.net.AbstractPlainSocketImpl.connect(AbstractPlainSocketImpl.java:188)
	at java.net.PlainSocketImpl.connect(PlainSocketImpl.java:172)
	at java.net.SocksSocketImpl.connect(SocksSocketImpl.java:392)
	at java.net.Socket.connect(Socket.java:589)
	at java.net.Socket.connect(Socket.java:538)
	at sun.net.NetworkClient.doConnect(NetworkClient.java:180)
	at sun.net.www.http.HttpClient.openServer(HttpClient.java:432)
	at sun.net.www.http.HttpClient.openServer(HttpClient.java:527)
	at sun.net.www.http.HttpClient.<init>(HttpClient.java:211)
	at sun.net.www.http.HttpClient.New(HttpClient.java:308)
	at sun.net.www.http.HttpClient.New(HttpClient.java:326)
	at sun.net.www.protocol.http.HttpURLConnection.getNewHttpClient(HttpURLConnection.java:1167)
	at sun.net.www.protocol.http.HttpURLConnection.plainConnect0(HttpURLConnection.java:1103)
	at sun.net.www.protocol.http.HttpURLConnection.plainConnect(HttpURLConnection.java:997)
	at sun.net.www.protocol.http.HttpURLConnection.connect(HttpURLConnection.java:931)
	at proxy.ClientCommunicator.doPost(ClientCommunicator.java:196)
	at proxy.ClientCommunicator.executeCommand(ClientCommunicator.java:109)
	at client.junit.ClientCommunicatorTest.testMaritimeTrade(ClientCommunicatorTest.java:368)
	at sun.reflect.NativeMethodAccessorImpl.invoke0(Native Method)
	at sun.reflect.NativeMethodAccessorImpl.invoke(NativeMethodAccessorImpl.java:62)
	at sun.reflect.DelegatingMethodAccessorImpl.invoke(DelegatingMethodAccessorImpl.java:43)
	at java.lang.reflect.Method.invoke(Method.java:483)
	at org.junit.runners.model.FrameworkMethod$1.runReflectiveCall(FrameworkMethod.java:47)
	at org.junit.internal.runners.model.ReflectiveCallable.run(ReflectiveCallable.java:12)
	at org.junit.runners.model.FrameworkMethod.invokeExplosively(FrameworkMethod.java:44)
	at org.junit.internal.runners.statements.InvokeMethod.evaluate(InvokeMethod.java:17)
	at org.junit.internal.runners.statements.RunBefores.evaluate(RunBefores.java:26)
	at org.junit.internal.runners.statements.RunAfters.evaluate(RunAfters.java:27)
	at org.junit.runners.ParentRunner.runLeaf(ParentRunner.java:271)
	at org.junit.runners.BlockJUnit4ClassRunner.runChild(BlockJUnit4ClassRunner.java:70)
	at org.junit.runners.BlockJUnit4ClassRunner.runChild(BlockJUnit4ClassRunner.java:50)
	at org.junit.runners.ParentRunner$3.run(ParentRunner.java:238)
	at org.junit.runners.ParentRunner$1.schedule(ParentRunner.java:63)
	at org.junit.runners.ParentRunner.runChildren(ParentRunner.java:236)
	at org.junit.runners.ParentRunner.access$000(ParentRunner.java:53)
	at org.junit.runners.ParentRunner$2.evaluate(ParentRunner.java:229)
	at org.junit.runners.ParentRunner.run(ParentRunner.java:309)
	at org.junit.runners.Suite.runChild(Suite.java:127)
	at org.junit.runners.Suite.runChild(Suite.java:26)
	at org.junit.runners.ParentRunner$3.run(ParentRunner.java:238)
	at org.junit.runners.ParentRunner$1.schedule(ParentRunner.java:63)
	at org.junit.runners.ParentRunner.runChildren(ParentRunner.java:236)
	at org.junit.runners.ParentRunner.access$000(ParentRunner.java:53)
	at org.junit.runners.ParentRunner$2.evaluate(ParentRunner.java:229)
	at org.junit.runners.ParentRunner.run(ParentRunner.java:309)
	at junit.framework.JUnit4TestAdapter.run(JUnit4TestAdapter.java:38)
	at org.apache.tools.ant.taskdefs.optional.junit.JUnitTestRunner.run(JUnitTestRunner.java:518)
	at org.apache.tools.ant.taskdefs.optional.junit.JUnitTestRunner.launch(JUnitTestRunner.java:1052)
	at org.apache.tools.ant.taskdefs.optional.junit.JUnitTestRunner.main(JUnitTestRunner.java:906)
Unable to doPost
java.net.ConnectException: Connection refused: connect
	at java.net.DualStackPlainSocketImpl.connect0(Native Method)
	at java.net.DualStackPlainSocketImpl.socketConnect(DualStackPlainSocketImpl.java:79)
	at java.net.AbstractPlainSocketImpl.doConnect(AbstractPlainSocketImpl.java:345)
	at java.net.AbstractPlainSocketImpl.connectToAddress(AbstractPlainSocketImpl.java:206)
	at java.net.AbstractPlainSocketImpl.connect(AbstractPlainSocketImpl.java:188)
	at java.net.PlainSocketImpl.connect(PlainSocketImpl.java:172)
	at java.net.SocksSocketImpl.connect(SocksSocketImpl.java:392)
	at java.net.Socket.connect(Socket.java:589)
	at java.net.Socket.connect(Socket.java:538)
	at sun.net.NetworkClient.doConnect(NetworkClient.java:180)
	at sun.net.www.http.HttpClient.openServer(HttpClient.java:432)
	at sun.net.www.http.HttpClient.openServer(HttpClient.java:527)
	at sun.net.www.http.HttpClient.<init>(HttpClient.java:211)
	at sun.net.www.http.HttpClient.New(HttpClient.java:308)
	at sun.net.www.http.HttpClient.New(HttpClient.java:326)
	at sun.net.www.protocol.http.HttpURLConnection.getNewHttpClient(HttpURLConnection.java:1167)
	at sun.net.www.protocol.http.HttpURLConnection.plainConnect0(HttpURLConnection.java:1103)
	at sun.net.www.protocol.http.HttpURLConnection.plainConnect(HttpURLConnection.java:997)
	at sun.net.www.protocol.http.HttpURLConnection.connect(HttpURLConnection.java:931)
	at proxy.ClientCommunicator.doPost(ClientCommunicator.java:196)
	at proxy.ClientCommunicator.executeCommand(ClientCommunicator.java:109)
	at client.junit.ClientCommunicatorTest.testSendChat(ClientCommunicatorTest.java:200)
	at sun.reflect.NativeMethodAccessorImpl.invoke0(Native Method)
	at sun.reflect.NativeMethodAccessorImpl.invoke(NativeMethodAccessorImpl.java:62)
	at sun.reflect.DelegatingMethodAccessorImpl.invoke(DelegatingMethodAccessorImpl.java:43)
	at java.lang.reflect.Method.invoke(Method.java:483)
	at org.junit.runners.model.FrameworkMethod$1.runReflectiveCall(FrameworkMethod.java:47)
	at org.junit.internal.runners.model.ReflectiveCallable.run(ReflectiveCallable.java:12)
	at org.junit.runners.model.FrameworkMethod.invokeExplosively(FrameworkMethod.java:44)
	at org.junit.internal.runners.statements.InvokeMethod.evaluate(InvokeMethod.java:17)
	at org.junit.internal.runners.statements.RunBefores.evaluate(RunBefores.java:26)
	at org.junit.internal.runners.statements.RunAfters.evaluate(RunAfters.java:27)
	at org.junit.runners.ParentRunner.runLeaf(ParentRunner.java:271)
	at org.junit.runners.BlockJUnit4ClassRunner.runChild(BlockJUnit4ClassRunner.java:70)
	at org.junit.runners.BlockJUnit4ClassRunner.runChild(BlockJUnit4ClassRunner.java:50)
	at org.junit.runners.ParentRunner$3.run(ParentRunner.java:238)
	at org.junit.runners.ParentRunner$1.schedule(ParentRunner.java:63)
	at org.junit.runners.ParentRunner.runChildren(ParentRunner.java:236)
	at org.junit.runners.ParentRunner.access$000(ParentRunner.java:53)
	at org.junit.runners.ParentRunner$2.evaluate(ParentRunner.java:229)
	at org.junit.runners.ParentRunner.run(ParentRunner.java:309)
	at org.junit.runners.Suite.runChild(Suite.java:127)
	at org.junit.runners.Suite.runChild(Suite.java:26)
	at org.junit.runners.ParentRunner$3.run(ParentRunner.java:238)
	at org.junit.runners.ParentRunner$1.schedule(ParentRunner.java:63)
	at org.junit.runners.ParentRunner.runChildren(ParentRunner.java:236)
	at org.junit.runners.ParentRunner.access$000(ParentRunner.java:53)
	at org.junit.runners.ParentRunner$2.evaluate(ParentRunner.java:229)
	at org.junit.runners.ParentRunner.run(ParentRunner.java:309)
	at junit.framework.JUnit4TestAdapter.run(JUnit4TestAdapter.java:38)
	at org.apache.tools.ant.taskdefs.optional.junit.JUnitTestRunner.run(JUnitTestRunner.java:518)
	at org.apache.tools.ant.taskdefs.optional.junit.JUnitTestRunner.launch(JUnitTestRunner.java:1052)
	at org.apache.tools.ant.taskdefs.optional.junit.JUnitTestRunner.main(JUnitTestRunner.java:906)
Unable to doGet
java.net.ConnectException: Connection refused: connect
	at java.net.DualStackPlainSocketImpl.connect0(Native Method)
	at java.net.DualStackPlainSocketImpl.socketConnect(DualStackPlainSocketImpl.java:79)
	at java.net.AbstractPlainSocketImpl.doConnect(AbstractPlainSocketImpl.java:345)
	at java.net.AbstractPlainSocketImpl.connectToAddress(AbstractPlainSocketImpl.java:206)
	at java.net.AbstractPlainSocketImpl.connect(AbstractPlainSocketImpl.java:188)
	at java.net.PlainSocketImpl.connect(PlainSocketImpl.java:172)
	at java.net.SocksSocketImpl.connect(SocksSocketImpl.java:392)
	at java.net.Socket.connect(Socket.java:589)
	at java.net.Socket.connect(Socket.java:538)
	at sun.net.NetworkClient.doConnect(NetworkClient.java:180)
	at sun.net.www.http.HttpClient.openServer(HttpClient.java:432)
	at sun.net.www.http.HttpClient.openServer(HttpClient.java:527)
	at sun.net.www.http.HttpClient.<init>(HttpClient.java:211)
	at sun.net.www.http.HttpClient.New(HttpClient.java:308)
	at sun.net.www.http.HttpClient.New(HttpClient.java:326)
	at sun.net.www.protocol.http.HttpURLConnection.getNewHttpClient(HttpURLConnection.java:1167)
	at sun.net.www.protocol.http.HttpURLConnection.plainConnect0(HttpURLConnection.java:1103)
	at sun.net.www.protocol.http.HttpURLConnection.plainConnect(HttpURLConnection.java:997)
	at sun.net.www.protocol.http.HttpURLConnection.connect(HttpURLConnection.java:931)
	at proxy.ClientCommunicator.doGet(ClientCommunicator.java:134)
	at proxy.ClientCommunicator.executeCommand(ClientCommunicator.java:106)
	at client.junit.ClientCommunicatorTest.testGetGameListAI(ClientCommunicatorTest.java:169)
	at sun.reflect.NativeMethodAccessorImpl.invoke0(Native Method)
	at sun.reflect.NativeMethodAccessorImpl.invoke(NativeMethodAccessorImpl.java:62)
	at sun.reflect.DelegatingMethodAccessorImpl.invoke(DelegatingMethodAccessorImpl.java:43)
	at java.lang.reflect.Method.invoke(Method.java:483)
	at org.junit.runners.model.FrameworkMethod$1.runReflectiveCall(FrameworkMethod.java:47)
	at org.junit.internal.runners.model.ReflectiveCallable.run(ReflectiveCallable.java:12)
	at org.junit.runners.model.FrameworkMethod.invokeExplosively(FrameworkMethod.java:44)
	at org.junit.internal.runners.statements.InvokeMethod.evaluate(InvokeMethod.java:17)
	at org.junit.internal.runners.statements.RunBefores.evaluate(RunBefores.java:26)
	at org.junit.internal.runners.statements.RunAfters.evaluate(RunAfters.java:27)
	at org.junit.runners.ParentRunner.runLeaf(ParentRunner.java:271)
	at org.junit.runners.BlockJUnit4ClassRunner.runChild(BlockJUnit4ClassRunner.java:70)
	at org.junit.runners.BlockJUnit4ClassRunner.runChild(BlockJUnit4ClassRunner.java:50)
	at org.junit.runners.ParentRunner$3.run(ParentRunner.java:238)
	at org.junit.runners.ParentRunner$1.schedule(ParentRunner.java:63)
	at org.junit.runners.ParentRunner.runChildren(ParentRunner.java:236)
	at org.junit.runners.ParentRunner.access$000(ParentRunner.java:53)
	at org.junit.runners.ParentRunner$2.evaluate(ParentRunner.java:229)
	at org.junit.runners.ParentRunner.run(ParentRunner.java:309)
	at org.junit.runners.Suite.runChild(Suite.java:127)
	at org.junit.runners.Suite.runChild(Suite.java:26)
	at org.junit.runners.ParentRunner$3.run(ParentRunner.java:238)
	at org.junit.runners.ParentRunner$1.schedule(ParentRunner.java:63)
	at org.junit.runners.ParentRunner.runChildren(ParentRunner.java:236)
	at org.junit.runners.ParentRunner.access$000(ParentRunner.java:53)
	at org.junit.runners.ParentRunner$2.evaluate(ParentRunner.java:229)
	at org.junit.runners.ParentRunner.run(ParentRunner.java:309)
	at junit.framework.JUnit4TestAdapter.run(JUnit4TestAdapter.java:38)
	at org.apache.tools.ant.taskdefs.optional.junit.JUnitTestRunner.run(JUnitTestRunner.java:518)
	at org.apache.tools.ant.taskdefs.optional.junit.JUnitTestRunner.launch(JUnitTestRunner.java:1052)
	at org.apache.tools.ant.taskdefs.optional.junit.JUnitTestRunner.main(JUnitTestRunner.java:906)
Unable to doGet
java.net.ConnectException: Connection refused: connect
	at java.net.DualStackPlainSocketImpl.connect0(Native Method)
	at java.net.DualStackPlainSocketImpl.socketConnect(DualStackPlainSocketImpl.java:79)
	at java.net.AbstractPlainSocketImpl.doConnect(AbstractPlainSocketImpl.java:345)
	at java.net.AbstractPlainSocketImpl.connectToAddress(AbstractPlainSocketImpl.java:206)
	at java.net.AbstractPlainSocketImpl.connect(AbstractPlainSocketImpl.java:188)
	at java.net.PlainSocketImpl.connect(PlainSocketImpl.java:172)
	at java.net.SocksSocketImpl.connect(SocksSocketImpl.java:392)
	at java.net.Socket.connect(Socket.java:589)
	at java.net.Socket.connect(Socket.java:538)
	at sun.net.NetworkClient.doConnect(NetworkClient.java:180)
	at sun.net.www.http.HttpClient.openServer(HttpClient.java:432)
	at sun.net.www.http.HttpClient.openServer(HttpClient.java:527)
	at sun.net.www.http.HttpClient.<init>(HttpClient.java:211)
	at sun.net.www.http.HttpClient.New(HttpClient.java:308)
	at sun.net.www.http.HttpClient.New(HttpClient.java:326)
	at sun.net.www.protocol.http.HttpURLConnection.getNewHttpClient(HttpURLConnection.java:1167)
	at sun.net.www.protocol.http.HttpURLConnection.plainConnect0(HttpURLConnection.java:1103)
	at sun.net.www.protocol.http.HttpURLConnection.plainConnect(HttpURLConnection.java:997)
	at sun.net.www.protocol.http.HttpURLConnection.connect(HttpURLConnection.java:931)
	at proxy.ClientCommunicator.doGet(ClientCommunicator.java:134)
	at proxy.ClientCommunicator.executeCommand(ClientCommunicator.java:106)
	at client.junit.ClientCommunicatorTest.testGetGamesList(ClientCommunicatorTest.java:106)
	at sun.reflect.NativeMethodAccessorImpl.invoke0(Native Method)
	at sun.reflect.NativeMethodAccessorImpl.invoke(NativeMethodAccessorImpl.java:62)
	at sun.reflect.DelegatingMethodAccessorImpl.invoke(DelegatingMethodAccessorImpl.java:43)
	at java.lang.reflect.Method.invoke(Method.java:483)
	at org.junit.runners.model.FrameworkMethod$1.runReflectiveCall(FrameworkMethod.java:47)
	at org.junit.internal.runners.model.ReflectiveCallable.run(ReflectiveCallable.java:12)
	at org.junit.runners.model.FrameworkMethod.invokeExplosively(FrameworkMethod.java:44)
	at org.junit.internal.runners.statements.InvokeMethod.evaluate(InvokeMethod.java:17)
	at org.junit.internal.runners.statements.RunBefores.evaluate(RunBefores.java:26)
	at org.junit.internal.runners.statements.RunAfters.evaluate(RunAfters.java:27)
	at org.junit.runners.ParentRunner.runLeaf(ParentRunner.java:271)
	at org.junit.runners.BlockJUnit4ClassRunner.runChild(BlockJUnit4ClassRunner.java:70)
	at org.junit.runners.BlockJUnit4ClassRunner.runChild(BlockJUnit4ClassRunner.java:50)
	at org.junit.runners.ParentRunner$3.run(ParentRunner.java:238)
	at org.junit.runners.ParentRunner$1.schedule(ParentRunner.java:63)
	at org.junit.runners.ParentRunner.runChildren(ParentRunner.java:236)
	at org.junit.runners.ParentRunner.access$000(ParentRunner.java:53)
	at org.junit.runners.ParentRunner$2.evaluate(ParentRunner.java:229)
	at org.junit.runners.ParentRunner.run(ParentRunner.java:309)
	at org.junit.runners.Suite.runChild(Suite.java:127)
	at org.junit.runners.Suite.runChild(Suite.java:26)
	at org.junit.runners.ParentRunner$3.run(ParentRunner.java:238)
	at org.junit.runners.ParentRunner$1.schedule(ParentRunner.java:63)
	at org.junit.runners.ParentRunner.runChildren(ParentRunner.java:236)
	at org.junit.runners.ParentRunner.access$000(ParentRunner.java:53)
	at org.junit.runners.ParentRunner$2.evaluate(ParentRunner.java:229)
	at org.junit.runners.ParentRunner.run(ParentRunner.java:309)
	at junit.framework.JUnit4TestAdapter.run(JUnit4TestAdapter.java:38)
	at org.apache.tools.ant.taskdefs.optional.junit.JUnitTestRunner.run(JUnitTestRunner.java:518)
	at org.apache.tools.ant.taskdefs.optional.junit.JUnitTestRunner.launch(JUnitTestRunner.java:1052)
	at org.apache.tools.ant.taskdefs.optional.junit.JUnitTestRunner.main(JUnitTestRunner.java:906)
]]></system-err>
</testsuite>
